Log file open, 04/21/18 08:53:19
LogWindows: Failed to load 'aqProf.dll' (GetLastError=126)
LogWindows: File 'aqProf.dll' does not exist
LogWindows: Failed to load 'VtuneApi.dll' (GetLastError=126)
LogWindows: File 'VtuneApi.dll' does not exist
LogWindows: Failed to load 'VtuneApi32e.dll' (GetLastError=126)
LogWindows: File 'VtuneApi32e.dll' does not exist
LogInit: Display: Running engine for game: VR_film_scout
LogPlatformFile: Not using cached read wrapper
LogInit: Display: RandInit(1072682873) SRandInit(1072682873).
LogInit: Read version file with build ID '3944462'
LogInit: Overriding engine version to CL 3989454, compatible CL 3944462
LogInit: Registered custom module enumerator with build ID '3944462'
LogTaskGraph: Started task graph with 5 named threads and 23 total threads with 3 sets of task threads.
LogStats: Stats thread started at 0.312161
LogD3D11RHI: Aftermath initialized
LogICUInternationalization: Display: ICU TimeZone Detection - Raw Offset: -8:00, Platform Override: ''
LogModuleManager: Display: Found up-to-date module file ../../../Engine/Plugins/2D/Paper2D/Binaries/Win64/UE4Editor-Paper2D.dll (API version 3944462).
LogModuleManager: Display: Found up-to-date module file ../../../Engine/Plugins/2D/Paper2D/Binaries/Win64/UE4Editor-Paper2DEditor.dll (API version 3944462).
LogModuleManager: Display: Found up-to-date module file ../../../Engine/Plugins/2D/Paper2D/Binaries/Win64/UE4Editor-PaperSpriteSheetImporter.dll (API version 3944462).
LogModuleManager: Display: Found up-to-date module file ../../../Engine/Plugins/2D/Paper2D/Binaries/Win64/UE4Editor-PaperTiledImporter.dll (API version 3944462).
LogModuleManager: Display: Found up-to-date module file ../../../Engine/Plugins/2D/Paper2D/Binaries/Win64/UE4Editor-SmartSnapping.dll (API version 3944462).
LogModuleManager: Display: Found up-to-date module file ../../../Engine/Plugins/Blendables/LightPropagationVolume/Binaries/Win64/UE4Editor-LightPropagationVolumeRuntime.dll (API version 3944462).
LogModuleManager: Display: Found up-to-date module file ../../../Engine/Plugins/Blendables/LightPropagationVolume/Binaries/Win64/UE4Editor-LightPropagationVolumeEditor.dll (API version 3944462).
LogModuleManager: Display: Found up-to-date module file ../../../Engine/Plugins/Developer/CLionSourceCodeAccess/Binaries/Win64/UE4Editor-CLionSourceCodeAccess.dll (API version 3944462).
LogModuleManager: Display: Found up-to-date module file ../../../Engine/Plugins/Developer/GitSourceControl/Binaries/Win64/UE4Editor-GitSourceControl.dll (API version 3944462).
LogModuleManager: Display: Found up-to-date module file ../../../Engine/Plugins/Developer/PerforceSourceControl/Binaries/Win64/UE4Editor-PerforceSourceControl.dll (API version 3944462).
LogModuleManager: Display: Found up-to-date module file ../../../Engine/Plugins/Developer/SubversionSourceControl/Binaries/Win64/UE4Editor-SubversionSourceControl.dll (API version 3944462).
LogModuleManager: Display: Found up-to-date module file ../../../Engine/Plugins/Developer/UObjectPlugin/Binaries/Win64/UE4Editor-UObjectPlugin.dll (API version 3944462).
LogModuleManager: Display: Found up-to-date module file ../../../Engine/Plugins/Developer/VisualStudioCodeSourceCodeAccess/Binaries/Win64/UE4Editor-VisualStudioCodeSourceCodeAccess.dll (API version 3944462).
LogModuleManager: Display: Found up-to-date module file ../../../Engine/Plugins/Developer/VisualStudioSourceCodeAccess/Binaries/Win64/UE4Editor-VisualStudioSourceCodeAccess.dll (API version 3944462).
LogModuleManager: Display: Found up-to-date module file ../../../Engine/Plugins/Editor/AssetManagerEditor/Binaries/Win64/UE4Editor-AssetManagerEditor.dll (API version 3944462).
LogModuleManager: Display: Found up-to-date module file ../../../Engine/Plugins/Editor/CryptoKeys/Binaries/Win64/UE4Editor-CryptoKeys.dll (API version 3944462).
LogModuleManager: Display: Found up-to-date module file ../../../Engine/Plugins/Editor/CryptoKeys/Binaries/Win64/UE4Editor-CryptoKeysOpenSSL.dll (API version 3944462).
LogModuleManager: Display: Found up-to-date module file ../../../Engine/Plugins/Editor/DataValidation/Binaries/Win64/UE4Editor-DataValidation.dll (API version 3944462).
LogModuleManager: Display: Found up-to-date module file ../../../Engine/Plugins/Editor/FacialAnimation/Binaries/Win64/UE4Editor-FacialAnimation.dll (API version 3944462).
LogModuleManager: Display: Found up-to-date module file ../../../Engine/Plugins/Editor/FacialAnimation/Binaries/Win64/UE4Editor-FacialAnimationEditor.dll (API version 3944462).
LogModuleManager: Display: Found up-to-date module file ../../../Engine/Plugins/Editor/GameplayTagsEditor/Binaries/Win64/UE4Editor-GameplayTagsEditor.dll (API version 3944462).
LogModuleManager: Display: Found up-to-date module file ../../../Engine/Plugins/Editor/MobileLauncherProfileWizard/Binaries/Win64/UE4Editor-MobileLauncherProfileWizard.dll (API version 3944462).
LogModuleManager: Display: Found up-to-date module file ../../../Engine/Plugins/Editor/PluginBrowser/Binaries/Win64/UE4Editor-PluginBrowser.dll (API version 3944462).
LogModuleManager: Display: Found up-to-date module file ../../../Engine/Plugins/Editor/SpeedTreeImporter/Binaries/Win64/UE4Editor-SpeedTreeImporter.dll (API version 3944462).
LogModuleManager: Display: Found up-to-date module file ../../../Engine/Plugins/Enterprise/DatasmithContent/Binaries/Win64/UE4Editor-DatasmithContent.dll (API version 3944462).
LogModuleManager: Display: Found up-to-date module file ../../../Engine/Plugins/Experimental/AlembicImporter/Binaries/Win64/UE4Editor-AlembicImporter.dll (API version 3944462).
LogModuleManager: Display: Found up-to-date module file ../../../Engine/Plugins/Experimental/AlembicImporter/Binaries/Win64/UE4Editor-AlembicLibrary.dll (API version 3944462).
LogModuleManager: Display: Found up-to-date module file ../../../Engine/Plugins/Experimental/CharacterAI/Binaries/Win64/UE4Editor-CharacterAI.dll (API version 3944462).
LogModuleManager: Display: Found up-to-date module file ../../../Engine/Plugins/Experimental/HTML5Networking/Binaries/Win64/UE4Editor-HTML5Networking.dll (API version 3944462).
LogModuleManager: Display: Found up-to-date module file ../../../Engine/Plugins/Media/AndroidMedia/Binaries/Win64/UE4Editor-AndroidMediaEditor.dll (API version 3944462).
LogModuleManager: Display: Found up-to-date module file ../../../Engine/Plugins/Media/AndroidMedia/Binaries/Win64/UE4Editor-AndroidMediaFactory.dll (API version 3944462).
LogModuleManager: Display: Found up-to-date module file ../../../Engine/Plugins/Media/AvfMedia/Binaries/Win64/UE4Editor-AvfMediaEditor.dll (API version 3944462).
LogModuleManager: Display: Found up-to-date module file ../../../Engine/Plugins/Media/AvfMedia/Binaries/Win64/UE4Editor-AvfMediaFactory.dll (API version 3944462).
LogModuleManager: Display: Found up-to-date module file ../../../Engine/Plugins/Media/AvfMedia/Binaries/Win64/UE4Editor-AvfMediaFactory.dll (API version 3944462).
LogModuleManager: Display: Found up-to-date module file ../../../Engine/Plugins/Media/ImgMedia/Binaries/Win64/UE4Editor-ImgMedia.dll (API version 3944462).
LogModuleManager: Display: Found up-to-date module file ../../../Engine/Plugins/Media/ImgMedia/Binaries/Win64/UE4Editor-ImgMediaEditor.dll (API version 3944462).
LogModuleManager: Display: Found up-to-date module file ../../../Engine/Plugins/Media/ImgMedia/Binaries/Win64/UE4Editor-ImgMediaFactory.dll (API version 3944462).
LogModuleManager: Display: Found up-to-date module file ../../../Engine/Plugins/Media/ImgMedia/Binaries/Win64/UE4Editor-ImgMediaFactory.dll (API version 3944462).
LogModuleManager: Display: Found up-to-date module file ../../../Engine/Plugins/Media/ImgMedia/Binaries/Win64/UE4Editor-OpenExrWrapper.dll (API version 3944462).
LogModuleManager: Display: Found up-to-date module file ../../../Engine/Plugins/Media/LinearTimecode/Binaries/Win64/UE4Editor-LinearTimecode.dll (API version 3944462).
LogModuleManager: Display: Found up-to-date module file ../../../Engine/Plugins/Media/MediaCompositing/Binaries/Win64/UE4Editor-MediaCompositing.dll (API version 3944462).
LogModuleManager: Display: Found up-to-date module file ../../../Engine/Plugins/Media/MediaCompositing/Binaries/Win64/UE4Editor-MediaCompositingEditor.dll (API version 3944462).
LogModuleManager: Display: Found up-to-date module file ../../../Engine/Plugins/Media/MediaPlayerEditor/Binaries/Win64/UE4Editor-MediaPlayerEditor.dll (API version 3944462).
LogModuleManager: Display: Found up-to-date module file ../../../Engine/Plugins/Media/WmfMedia/Binaries/Win64/UE4Editor-WmfMedia.dll (API version 3944462).
LogModuleManager: Display: Found up-to-date module file ../../../Engine/Plugins/Media/WmfMedia/Binaries/Win64/UE4Editor-WmfMediaEditor.dll (API version 3944462).
LogModuleManager: Display: Found up-to-date module file ../../../Engine/Plugins/Media/WmfMedia/Binaries/Win64/UE4Editor-WmfMediaFactory.dll (API version 3944462).
LogModuleManager: Display: Found up-to-date module file ../../../Engine/Plugins/Media/WmfMedia/Binaries/Win64/UE4Editor-WmfMediaFactory.dll (API version 3944462).
LogModuleManager: Display: Found up-to-date module file ../../../Engine/Plugins/Messaging/TcpMessaging/Binaries/Win64/UE4Editor-TcpMessaging.dll (API version 3944462).
LogModuleManager: Display: Found up-to-date module file ../../../Engine/Plugins/Messaging/UdpMessaging/Binaries/Win64/UE4Editor-UdpMessaging.dll (API version 3944462).
LogModuleManager: Display: Found up-to-date module file ../../../Engine/Plugins/MovieScene/ActorSequence/Binaries/Win64/UE4Editor-ActorSequence.dll (API version 3944462).
LogModuleManager: Display: Found up-to-date module file ../../../Engine/Plugins/MovieScene/LevelSequenceEditor/Binaries/Win64/UE4Editor-LevelSequenceEditor.dll (API version 3944462).
LogModuleManager: Display: Found up-to-date module file ../../../Engine/Plugins/MovieScene/MatineeToLevelSequence/Binaries/Win64/UE4Editor-MatineeToLevelSequence.dll (API version 3944462).
LogModuleManager: Display: Found up-to-date module file ../../../Engine/Plugins/NetcodeUnitTest/NetcodeUnitTest/Binaries/Win64/UE4Editor-NetcodeUnitTest.dll (API version 3944462).
LogModuleManager: Display: Found up-to-date module file ../../../Engine/Plugins/NetcodeUnitTest/NUTUnrealEngine4/Binaries/Win64/UE4Editor-NUTUnrealEngine4.dll (API version 3944462).
LogModuleManager: Display: Found up-to-date module file ../../../Engine/Plugins/Online/OnlineSubsystem/Binaries/Win64/UE4Editor-OnlineSubsystem.dll (API version 3944462).
LogModuleManager: Display: Found up-to-date module file ../../../Engine/Plugins/Runtime/AndroidPermission/Binaries/Win64/UE4Editor-AndroidPermission.dll (API version 3944462).
LogModuleManager: Display: Found up-to-date module file ../../../Engine/Plugins/Online/OnlineSubsystemNull/Binaries/Win64/UE4Editor-OnlineSubsystemNull.dll (API version 3944462).
LogModuleManager: Display: Found up-to-date module file ../../../Engine/Plugins/Online/OnlineSubsystemUtils/Binaries/Win64/UE4Editor-OnlineSubsystemUtils.dll (API version 3944462).
LogModuleManager: Display: Found up-to-date module file ../../../Engine/Plugins/Online/OnlineSubsystemUtils/Binaries/Win64/UE4Editor-OnlineBlueprintSupport.dll (API version 3944462).
LogModuleManager: Display: Found up-to-date module file ../../../Engine/Plugins/Runtime/AndroidDeviceProfileSelector/Binaries/Win64/UE4Editor-AndroidDeviceProfileSelector.dll (API version 3944462).
LogModuleManager: Display: Found up-to-date module file ../../../Engine/Plugins/Runtime/AppleARKit/Binaries/Win64/UE4Editor-AppleARKit.dll (API version 3944462).
LogModuleManager: Display: Found up-to-date module file ../../../Engine/Plugins/Runtime/ProceduralMeshComponent/Binaries/Win64/UE4Editor-ProceduralMeshComponent.dll (API version 3944462).
LogModuleManager: Display: Found up-to-date module file ../../../Engine/Plugins/Runtime/ProceduralMeshComponent/Binaries/Win64/UE4Editor-ProceduralMeshComponentEditor.dll (API version 3944462).
LogModuleManager: Display: Found up-to-date module file ../../../Engine/Plugins/Animation/LiveLink/Binaries/Win64/UE4Editor-LiveLink.dll (API version 3944462).
LogModuleManager: Display: Found up-to-date module file ../../../Engine/Plugins/Animation/LiveLink/Binaries/Win64/UE4Editor-LiveLinkEditor.dll (API version 3944462).
LogModuleManager: Display: Found up-to-date module file ../../../Engine/Plugins/Runtime/ArchVisCharacter/Binaries/Win64/UE4Editor-ArchVisCharacter.dll (API version 3944462).
LogModuleManager: Display: Found up-to-date module file ../../../Engine/Plugins/Runtime/AudioCapture/Binaries/Win64/UE4Editor-AudioCapture.dll (API version 3944462).
LogModuleManager: Display: Found up-to-date module file ../../../Engine/Plugins/Runtime/AudioCapture/Binaries/Win64/UE4Editor-AudioCaptureEditor.dll (API version 3944462).
LogModuleManager: Display: Found up-to-date module file ../../../Engine/Plugins/Runtime/CableComponent/Binaries/Win64/UE4Editor-CableComponent.dll (API version 3944462).
LogModuleManager: Display: Found up-to-date module file ../../../Engine/Plugins/Runtime/CustomMeshComponent/Binaries/Win64/UE4Editor-CustomMeshComponent.dll (API version 3944462).
LogModuleManager: Display: Found up-to-date module file ../../../Engine/Plugins/Runtime/ExampleDeviceProfileSelector/Binaries/Win64/UE4Editor-ExampleDeviceProfileSelector.dll (API version 3944462).
LogModuleManager: Display: Found up-to-date module file ../../../Engine/Plugins/Runtime/ImmediatePhysics/Binaries/Win64/UE4Editor-ImmediatePhysics.dll (API version 3944462).
LogModuleManager: Display: Found up-to-date module file ../../../Engine/Plugins/Runtime/ImmediatePhysics/Binaries/Win64/UE4Editor-ImmediatePhysicsEditor.dll (API version 3944462).
LogModuleManager: Display: Found up-to-date module file ../../../Engine/Plugins/Runtime/LocationServicesBPLibrary/Binaries/Win64/UE4Editor-LocationServicesBPLibrary.dll (API version 3944462).
LogModuleManager: Display: Found up-to-date module file ../../../Engine/Plugins/Runtime/MobilePatchingUtils/Binaries/Win64/UE4Editor-MobilePatchingUtils.dll (API version 3944462).
LogModuleManager: Display: Found up-to-date module file ../../../Engine/Plugins/Runtime/Oculus/OculusVR/Binaries/Win64/UE4Editor-OculusHMD.dll (API version 3944462).
LogModuleManager: Display: Found up-to-date module file ../../../Engine/Plugins/Runtime/Oculus/OculusVR/Binaries/Win64/UE4Editor-OculusInput.dll (API version 3944462).
LogModuleManager: Display: Found up-to-date module file ../../../Engine/Plugins/Runtime/Oculus/OculusVR/Binaries/Win64/UE4Editor-OculusEditor.dll (API version 3944462).
LogModuleManager: Display: Found up-to-date module file ../../../Engine/Plugins/Runtime/PhysXVehicles/Binaries/Win64/UE4Editor-PhysXVehicles.dll (API version 3944462).
LogModuleManager: Display: Found up-to-date module file ../../../Engine/Plugins/Runtime/PhysXVehicles/Binaries/Win64/UE4Editor-PhysXVehiclesEditor.dll (API version 3944462).
LogModuleManager: Display: Found up-to-date module file ../../../Engine/Plugins/Runtime/RuntimePhysXCooking/Binaries/Win64/UE4Editor-RuntimePhysXCooking.dll (API version 3944462).
LogModuleManager: Display: Found up-to-date module file ../../../Engine/Plugins/Runtime/Steam/SteamVR/Binaries/Win64/UE4Editor-SteamVR.dll (API version 3944462).
LogModuleManager: Display: Found up-to-date module file ../../../Engine/Plugins/Runtime/Steam/SteamVR/Binaries/Win64/UE4Editor-SteamVRController.dll (API version 3944462).
LogModuleManager: Display: Found up-to-date module file ../../../Engine/Plugins/Runtime/WindowsMoviePlayer/Binaries/Win64/UE4Editor-WindowsMoviePlayer.dll (API version 3944462).
LogPluginManager: Mounting plugin Paper2D
LogPluginManager: Mounting plugin LiveLink
LogPluginManager: Mounting plugin LightPropagationVolume
LogPluginManager: Mounting plugin CLionSourceCodeAccess
LogPluginManager: Mounting plugin CodeLiteSourceCodeAccess
LogPluginManager: Mounting plugin GitSourceControl
LogPluginManager: Mounting plugin KDevelopSourceCodeAccess
LogPluginManager: Mounting plugin NullSourceCodeAccess
LogPluginManager: Mounting plugin PerforceSourceControl
LogPluginManager: Mounting plugin SubversionSourceControl
LogPluginManager: Mounting plugin UObjectPlugin
LogPluginManager: Mounting plugin VisualStudioCodeSourceCodeAccess
LogPluginManager: Mounting plugin VisualStudioSourceCodeAccess
LogPluginManager: Mounting plugin XCodeSourceCodeAccess
LogPluginManager: Mounting plugin AssetManagerEditor
LogPluginManager: Mounting plugin CryptoKeys
LogPluginManager: Mounting plugin DataValidation
LogPluginManager: Mounting plugin FacialAnimation
LogPluginManager: Mounting plugin GameplayTagsEditor
LogPluginManager: Mounting plugin MobileLauncherProfileWizard
LogPluginManager: Mounting plugin PluginBrowser
LogPluginManager: Mounting plugin SpeedTreeImporter
LogPluginManager: Mounting plugin DatasmithContent
LogPluginManager: Mounting plugin AlembicImporter
LogPluginManager: Mounting plugin CharacterAI
LogPluginManager: Mounting plugin HTML5Networking
LogPluginManager: Mounting plugin AndroidMedia
LogPluginManager: Mounting plugin AvfMedia
LogPluginManager: Mounting plugin ImgMedia
LogPluginManager: Mounting plugin LinearTimecode
LogPluginManager: Mounting plugin MediaCompositing
LogPluginManager: Mounting plugin MediaPlayerEditor
LogPluginManager: Mounting plugin WmfMedia
LogPluginManager: Mounting plugin TcpMessaging
LogPluginManager: Mounting plugin UdpMessaging
LogPluginManager: Mounting plugin ActorSequence
LogPluginManager: Mounting plugin LevelSequenceEditor
LogPluginManager: Mounting plugin MatineeToLevelSequence
LogPluginManager: Mounting plugin NetcodeUnitTest
LogPluginManager: Mounting plugin NUTUnrealEngine4
LogPluginManager: Mounting plugin OnlineSubsystemGooglePlay
LogPluginManager: Mounting plugin OnlineSubsystemIOS
LogPluginManager: Mounting plugin OnlineSubsystem
LogPluginManager: Mounting plugin OnlineSubsystemNull
LogPluginManager: Mounting plugin OnlineSubsystemUtils
LogPluginManager: Mounting plugin AndroidDeviceProfileSelector
LogPluginManager: Mounting plugin AndroidMoviePlayer
LogPluginManager: Mounting plugin AndroidPermission
LogPluginManager: Mounting plugin AppleARKit
LogPluginManager: Mounting plugin AppleMoviePlayer
LogPluginManager: Mounting plugin ArchVisCharacter
LogPluginManager: Mounting plugin AudioCapture
LogPluginManager: Mounting plugin CableComponent
LogPluginManager: Mounting plugin CustomMeshComponent
LogPluginManager: Mounting plugin ExampleDeviceProfileSelector
LogPluginManager: Mounting plugin GoogleCloudMessaging
LogPluginManager: Mounting plugin ImmediatePhysics
LogPluginManager: Mounting plugin IOSDeviceProfileSelector
LogPluginManager: Mounting plugin LinuxDeviceProfileSelector
LogPluginManager: Mounting plugin LocationServicesBPLibrary
LogPluginManager: Mounting plugin MobilePatchingUtils
LogPluginManager: Mounting plugin OculusVR
LogPluginManager: Plugin shader directory ../../../Engine/Plugins/Runtime/Oculus/OculusVR/Shaders found
LogPluginManager: Mapping shader source directory ../../../Engine/Plugins/Runtime/Oculus/OculusVR/Shaders to virtual directory /Plugin/OculusVR
LogPluginManager: Mounting plugin PhysXVehicles
LogPluginManager: Mounting plugin ProceduralMeshComponent
LogPluginManager: Mounting plugin RuntimePhysXCooking
LogPluginManager: Mounting plugin SteamVR
LogPluginManager: Mounting plugin WindowsMoviePlayer
LogStreaming: Display: Took  1.844s to configure plugins.
LogInit: Using libcurl 7.47.1
LogInit:  - built for x86_64-pc-win32
LogInit:  - supports SSL with OpenSSL/1.0.2g
LogInit:  - supports HTTP deflate (compression) using libz 1.2.8
LogInit:  - other features:
LogInit:      CURL_VERSION_SSL
LogInit:      CURL_VERSION_LIBZ
LogInit:      CURL_VERSION_IPV6
LogInit:      CURL_VERSION_ASYNCHDNS
LogInit:      CURL_VERSION_LARGEFILE
LogInit:      CURL_VERSION_IDN
LogInit:  CurlRequestOptions (configurable via config and command line):
LogInit:  - bVerifyPeer = false  - Libcurl will NOT verify peer certificate
LogInit:  - bUseHttpProxy = false  - Libcurl will NOT use HTTP proxy
LogInit:  - bDontReuseConnections = false  - Libcurl will reuse connections
LogInit:  - CertBundlePath = nullptr  - Libcurl will use whatever was configured at build time.
LogInit:  - MaxHostConnections = 16  - Libcurl will limit the number of connections to a host
LogInit:  - LocalHostAddr = Default
LogInit: WinSock: version 1.1 (2.2), MaxSocks=32767, MaxUdp=65467
LogInit: WinSock: I am DESKTOP-E09JTEF (10.10.15.49:0)
LogInit: Build: ++UE4+Release-4.19-CL-3989454
LogInit: Engine Version: 4.19.1-3989454+++UE4+Release-4.19
LogInit: Compatible Engine Version: 4.19.0-3944462+++UE4+Release-4.19
LogInit: Net CL: 3944462
LogDevObjectVersion: Number of dev versions registered: 18
LogDevObjectVersion:   Dev-Blueprints (B0D832E4-1F89-4F0D-ACCF-7EB736FD4AA2): 10
LogDevObjectVersion:   Dev-Build (E1C64328-A22C-4D53-A36C-8E866417BD8C): 0
LogDevObjectVersion:   Dev-Core (375EC13C-06E4-48FB-B500-84F0262A717E): 2
LogDevObjectVersion:   Dev-Editor (E4B068ED-F494-42E9-A231-DA0B2E46BB41): 23
LogDevObjectVersion:   Dev-Framework (CFFC743F-43B0-4480-9391-14DF171D2073): 33
LogDevObjectVersion:   Dev-Mobile (B02B49B5-BB20-44E9-A304-32B752E40360): 2
LogDevObjectVersion:   Dev-Networking (A4E4105C-59A1-49B5-A7C5-40C4547EDFEE): 0
LogDevObjectVersion:   Dev-Online (39C831C9-5AE6-47DC-9A44-9C173E1C8E7C): 0
LogDevObjectVersion:   Dev-Physics (78F01B33-EBEA-4F98-B9B4-84EACCB95AA2): 0
LogDevObjectVersion:   Dev-Platform (6631380F-2D4D-43E0-8009-CF276956A95A): 0
LogDevObjectVersion:   Dev-Rendering (12F88B9F-8875-4AFC-A67C-D90C383ABD29): 25
LogDevObjectVersion:   Dev-Sequencer (7B5AE74C-D270-4C10-A958-57980B212A5A): 6
LogDevObjectVersion:   Dev-VR (D7296918-1DD6-4BDD-9DE2-64A83CC13884): 1
LogDevObjectVersion:   Dev-LoadTimes (C2A15278-BFE7-4AFE-6C17-90FF531DF755): 1
LogDevObjectVersion:   Private-Geometry (6EACA3D4-40EC-4CC1-B786-8BED09428FC5): 2
LogDevObjectVersion:   Dev-AnimPhys (29E575DD-E0A3-4627-9D10-D276232CDCEA): 16
LogDevObjectVersion:   Dev-ReflectionCapture (6B266CEC-1EC7-4B8F-A30B-E4D90942FC07): 1
LogDevObjectVersion:   Dev-Automation (0DF73D61-A23F-47EA-B727-89E90C41499A): 1
LogInit: Compiled (64-bit): Apr  6 2018 12:26:04
LogInit: Compiled with Visual C++: 19.00.24215.01
LogInit: Build Configuration: Development
LogInit: Branch Name: ++UE4+Release-4.19
LogInit: Command Line:  
LogInit: Base Directory: C:/Users/Student/Documents/UE_4.19/Engine/Binaries/Win64/
LogInit: Installed Engine Build: 1
LogStreaming: Display: Took  0.002s to delete old logs.
LogInit: Presizing for max 8388607 objects, including 0 objects not considered by GC, pre-allocating 0 bytes for permanent pool.
LogInit: Object subsystem initialized
[2018.04.21-15.53.21:673][  0]LogInit: Selected Device Profile: [Windows]
[2018.04.21-15.53.21:673][  0]LogInit: Applying CVar settings loaded from the selected device profile: [Windows]
[2018.04.21-15.53.21:700][  0]LogInit: Computer: DESKTOP-E09JTEF
[2018.04.21-15.53.21:700][  0]LogInit: User: Student
[2018.04.21-15.53.21:700][  0]LogInit: CPU Page size=4096, Cores=4
[2018.04.21-15.53.21:700][  0]LogInit: High frequency timer resolution =2.742182 MHz
[2018.04.21-15.53.21:700][  0]LogMemory: Memory total: Physical=16.0GB (16GB approx)
[2018.04.21-15.53.21:700][  0]LogMemory: Platform Memory Stats for Windows
[2018.04.21-15.53.21:700][  0]LogMemory: Process Physical Memory: 281.61 MB used, 281.61 MB peak
[2018.04.21-15.53.21:700][  0]LogMemory: Process Virtual Memory: 271.20 MB used, 271.20 MB peak
[2018.04.21-15.53.21:700][  0]LogMemory: Physical Memory: 3266.93 MB used,  13071.62 MB free, 16338.55 MB total
[2018.04.21-15.53.21:700][  0]LogMemory: Virtual Memory: 751.16 MB used,  13071.62 MB free, 134217728.00 MB total
[2018.04.21-15.53.22:206][  0]LogInit: Using OS detected language (en-US).
[2018.04.21-15.53.22:206][  0]LogInit: Using OS detected locale (en-US).
[2018.04.21-15.53.22:268][  0]LogTextLocalizationManager: No specific localization for 'en-US' exists, so the 'en' localization will be used.
[2018.04.21-15.53.22:740][  0]LogStreaming: Display: Took  0.534s to EndInitTextLocalization.
[2018.04.21-15.53.22:740][  0]LogInit: Setting process to per monitor DPI aware
[2018.04.21-15.53.22:835][  0]LogSlate: New Slate User Created.  User Index 0, Is Virtual User: 0
[2018.04.21-15.53.22:835][  0]LogSlate: Slate User Registered.  User Index 0, Is Virtual User: 0
[2018.04.21-15.53.25:015][  0]LogD3D11RHI: D3D11 adapters:
[2018.04.21-15.53.25:070][  0]LogD3D11RHI:    0. 'NVIDIA GeForce GTX 1080 with Max-Q Design' (Feature Level 11_0)
[2018.04.21-15.53.25:070][  0]LogD3D11RHI:       8105/0/8169 MB DedicatedVideo/DedicatedSystem/SharedSystem, Outputs:1, VendorId:0x10de
[2018.04.21-15.53.25:071][  0]LogD3D11RHI:    1. 'Microsoft Basic Render Driver' (Feature Level 11_0)
[2018.04.21-15.53.25:071][  0]LogD3D11RHI:       0/0/8169 MB DedicatedVideo/DedicatedSystem/SharedSystem, Outputs:0, VendorId:0x1414
[2018.04.21-15.53.25:071][  0]LogD3D11RHI: Chosen D3D11 Adapter: 0
[2018.04.21-15.53.25:077][  0]LogD3D11RHI: Creating new Direct3DDevice
[2018.04.21-15.53.25:077][  0]LogD3D11RHI:     GPU DeviceId: 0x1be0 (for the marketing name, search the web for "GPU Device Id")
[2018.04.21-15.53.25:077][  0]LogWindows: EnumDisplayDevices:
[2018.04.21-15.53.25:077][  0]LogWindows:    0. 'NVIDIA GeForce GTX 1080 with Max-Q Design' (P:1 D:1)
[2018.04.21-15.53.25:077][  0]LogWindows:    1. 'NVIDIA GeForce GTX 1080 with Max-Q Design' (P:0 D:0)
[2018.04.21-15.53.25:078][  0]LogWindows:    2. 'NVIDIA GeForce GTX 1080 with Max-Q Design' (P:0 D:0)
[2018.04.21-15.53.25:078][  0]LogWindows:    3. 'NVIDIA GeForce GTX 1080 with Max-Q Design' (P:0 D:0)
[2018.04.21-15.53.25:078][  0]LogWindows: DebugString: GetVideoDriverDetailsInvalid PrimaryIsNotTheChoosenAdapter GetVideoDriverDetailsInvalid PrimaryIsNotTheChoosenAdapter GetVideoDriverDetailsInvalid PrimaryIsNotTheChoosenAdapter GetVideoDriverDetailsInvalid PrimaryIsNotTheChoosenAdapter FoundDriverCount:0 
[2018.04.21-15.53.25:078][  0]LogD3D11RHI:     Adapter Name: NVIDIA GeForce GTX 1080 with Max-Q Design
[2018.04.21-15.53.25:078][  0]LogD3D11RHI:   Driver Version: Unknown (internal:Unknown, unified:Unknown)
[2018.04.21-15.53.25:078][  0]LogD3D11RHI:      Driver Date: Unknown
[2018.04.21-15.53.25:078][  0]LogRHI: Texture pool is 5673 MB (70% of 8105 MB)
[2018.04.21-15.53.25:100][  0]LogD3D11RHI: [Aftermath] Aftermath enabled but failed to initialize
[2018.04.21-15.53.25:100][  0]LogD3D11RHI: [Aftermath] Aftermath enabled and primed
[2018.04.21-15.53.25:100][  0]LogD3D11RHI: Async texture creation enabled
[2018.04.21-15.53.25:113][  0]LogD3D11RHI: GPU Timing Frequency: 1000.000000 (Debug: 2 1)
[2018.04.21-15.53.25:159][  0]LogShaderCompilers: Guid format shader working directory is 1 characters bigger than the processId version (../../../../GitHub/Unreal_VR_Film_Scouting_4.19/Intermediate/Shaders/WorkingDirectory/8016/).
[2018.04.21-15.53.25:159][  0]LogShaderCompilers: Cleaned the shader compiler working directory 'C:/Users/Student/AppData/Local/Temp/UnrealShaderWorkingDir/B188B49A4FE0C37BB148F98B37DA01D0/'.
[2018.04.21-15.53.25:775][  0]LogTemp: Display: Loaded TP AllDesktopTargetPlatform
[2018.04.21-15.53.25:788][  0]LogTemp: Display: Loaded TP MacClientTargetPlatform
[2018.04.21-15.53.25:801][  0]LogTemp: Display: Loaded TP MacNoEditorTargetPlatform
[2018.04.21-15.53.25:813][  0]LogTemp: Display: Loaded TP MacServerTargetPlatform
[2018.04.21-15.53.25:830][  0]LogTemp: Display: Loaded TP MacTargetPlatform
[2018.04.21-15.53.25:844][  0]LogTemp: Display: Loaded TP WindowsClientTargetPlatform
[2018.04.21-15.53.25:857][  0]LogTemp: Display: Loaded TP WindowsNoEditorTargetPlatform
[2018.04.21-15.53.25:870][  0]LogTemp: Display: Loaded TP WindowsServerTargetPlatform
[2018.04.21-15.53.25:876][  0]LogTemp: Display: Loaded TP WindowsTargetPlatform
[2018.04.21-15.53.25:888][  0]LogTemp: Display: Loaded TP Android_ASTCTargetPlatform
[2018.04.21-15.53.25:899][  0]LogTemp: Display: Loaded TP Android_ATCTargetPlatform
[2018.04.21-15.53.25:911][  0]LogTemp: Display: Loaded TP Android_DXTTargetPlatform
[2018.04.21-15.53.25:922][  0]LogTemp: Display: Loaded TP Android_ETC1aTargetPlatform
[2018.04.21-15.53.25:935][  0]LogTemp: Display: Loaded TP Android_ETC1TargetPlatform
[2018.04.21-15.53.25:947][  0]LogTemp: Display: Loaded TP Android_ETC2TargetPlatform
[2018.04.21-15.53.25:971][  0]LogTemp: Display: Loaded TP Android_MultiTargetPlatform
[2018.04.21-15.53.25:971][  0]LogTemp: Display: Loaded TP Android_PVRTCTargetPlatform
[2018.04.21-15.53.25:987][  0]LogTemp: Display: Loaded TP AndroidTargetPlatform
[2018.04.21-15.53.25:988][  0]LogTemp: Display: Loaded TP HTML5TargetPlatform
[2018.04.21-15.53.26:051][  0]LogTemp: Display: Loaded TP IOSTargetPlatform
[2018.04.21-15.53.26:062][  0]LogTemp: Display: Loaded TP TVOSTargetPlatform
[2018.04.21-15.53.26:074][  0]LogTemp: Display: Loaded TP LinuxClientTargetPlatform
[2018.04.21-15.53.26:086][  0]LogTemp: Display: Loaded TP LinuxNoEditorTargetPlatform
[2018.04.21-15.53.26:098][  0]LogTemp: Display: Loaded TP LinuxServerTargetPlatform
[2018.04.21-15.53.26:113][  0]LogTemp: Display: Loaded TP LinuxTargetPlatform
[2018.04.21-15.53.26:113][  0]LogTargetPlatformManager: Display: Building Assets For Windows
[2018.04.21-15.53.26:853][  0]LogXGEController: Cleaning working directory: C:/Users/Student/AppData/Local/Temp/UnrealXGEWorkingDir/
[2018.04.21-15.53.26:853][  0]LogXGEController: Cannot use XGE Controller as Incredibuild is not installed on this machine.
[2018.04.21-15.53.26:853][  0]LogShaderCompilers: Cannot use XGE Shader Compiler as Incredibuild is not installed on this machine.
[2018.04.21-15.53.26:853][  0]LogShaderCompilers: Display: Using Local Shader Compiler.
[2018.04.21-15.53.28:498][  0]LogDerivedDataCache: Display: Max Cache Size: 512 MB
[2018.04.21-15.53.28:660][  0]LogDerivedDataCache: Loaded boot cache 0.16s 75MB C:/Users/Student/AppData/Local/UnrealEngine/4.19/DerivedDataCache/Boot.ddc.
[2018.04.21-15.53.28:660][  0]LogDerivedDataCache: Display: Loaded Boot cache: C:/Users/Student/AppData/Local/UnrealEngine/4.19/DerivedDataCache/Boot.ddc
[2018.04.21-15.53.28:660][  0]LogDerivedDataCache: FDerivedDataBackendGraph:  Pak pak cache file ../../../../GitHub/Unreal_VR_Film_Scouting_4.19/DerivedDataCache/DDC.ddp not found, will not use a pak cache.
[2018.04.21-15.53.28:660][  0]LogDerivedDataCache: Unable to find inner node Pak for hierarchical cache Hierarchy.
[2018.04.21-15.53.28:660][  0]LogDerivedDataCache: FDerivedDataBackendGraph:  CompressedPak pak cache file ../../../../GitHub/Unreal_VR_Film_Scouting_4.19/DerivedDataCache/Compressed.ddp not found, will not use a pak cache.
[2018.04.21-15.53.28:660][  0]LogDerivedDataCache: Unable to find inner node CompressedPak for hierarchical cache Hierarchy.
[2018.04.21-15.53.28:689][  0]LogDerivedDataCache: Display: Pak cache opened for reading ../../../Engine/DerivedDataCache/Compressed.ddp.
[2018.04.21-15.53.28:702][  0]LogDerivedDataCache: Using Local data cache path C:/Users/Student/AppData/Local/UnrealEngine/Common/DerivedDataCache: Writable
[2018.04.21-15.53.28:713][  0]LogMaterial: Verifying Global Shaders for PCD3D_SM5
[2018.04.21-15.53.28:713][  0]LogSlate: Using Freetype 2.6.0
[2018.04.21-15.53.28:730][  0]LogSlate: SlateFontCache - WITH_FREETYPE: 1, WITH_HARFBUZZ: 1
[2018.04.21-15.53.28:730][  0]LogSlate: SlateFontCache - WITH_FREETYPE: 1, WITH_HARFBUZZ: 1
[2018.04.21-15.53.30:944][  0]LogAssetRegistry: FAssetRegistry took 0.0260 seconds to start up
[2018.04.21-15.53.31:254][  0]LogInit: Selected Device Profile: [Windows]
[2018.04.21-15.53.31:554][  0]LogSimplygon: Simplygon DLL not present - disabling.
[2018.04.21-15.53.31:558][  0]LogMeshReduction: Using SimplygonSwarm for distributed automatic mesh merging
[2018.04.21-15.53.31:559][  0]LogMeshReduction: Using QuadricMeshReduction for automatic static mesh reduction
[2018.04.21-15.53.31:559][  0]LogMeshReduction: No automatic skeletal mesh reduction module available
[2018.04.21-15.53.31:559][  0]LogMeshReduction: No automatic mesh merging module available
[2018.04.21-15.53.31:559][  0]LogMeshMerging: No automatic mesh merging module available
[2018.04.21-15.53.31:614][  0]LogNetVersion: VR_film_scout , NetCL: 3944462, EngineNetVer: 2, GameNetVer: 0 (Checksum: 2631997143)
[2018.04.21-15.53.32:655][  0]LogPackageLocalizationCache: Processed 9 localized package path(s) for 2 prioritized culture(s) in 0.089542 seconds
[2018.04.21-15.53.32:661][  0]LogUObjectArray: 36728 objects as part of root set at end of initial load.
[2018.04.21-15.53.32:661][  0]LogUObjectAllocator: 7314312 out of 0 bytes used by permanent object pool.
[2018.04.21-15.53.32:661][  0]LogUObjectArray: CloseDisregardForGC: 0/0 objects in disregard for GC pool
[2018.04.21-15.53.37:244][  0]LogTcpMessaging: Initializing TcpMessaging bridge
[2018.04.21-15.53.37:269][  0]LogUdpMessaging: Initializing bridge on interface 0.0.0.0:0 to multicast group 230.0.0.1:6666.
[2018.04.21-15.53.37:614][  0]SourceControl: Source control is disabled
[2018.04.21-15.53.37:614][  0]SourceControl: Source control is disabled
[2018.04.21-15.53.37:628][  0]SourceControl: Source control is disabled
[2018.04.21-15.53.37:640][  0]SourceControl: Source control is disabled
[2018.04.21-15.53.38:084][  0]LogAndroidPermission: UAndroidPermissionCallbackProxy::GetInstance
[2018.04.21-15.53.38:258][  0]LogOcInput: OculusInput pre-init called
[2018.04.21-15.53.38:387][  0]LogEngine: Initializing Engine...
[2018.04.21-15.53.38:387][  0]LogHMD: Oculus plugin initialized. Version: 4.19.1-3989454+++UE4+Release-4.19, OVRPlugin: 1.21.0
[2018.04.21-15.53.38:389][  0]LogStats: UGameplayTagsManager::ConstructGameplayTagTree: Construct from data asset -  0.000 s
[2018.04.21-15.53.38:389][  0]LogStats: UGameplayTagsManager::ConstructGameplayTagTree: GameplayTagTreeChangedEvent.Broadcast -  0.000 s
[2018.04.21-15.53.38:777][  0]LogAIModule: Creating AISystem for world Untitled
[2018.04.21-15.53.38:803][  0]LogInit: XAudio2 using 'Headphones (Rift Audio)' : 2 channels at 48 kHz using 16 bits per sample (channel mask 0x3)
[2018.04.21-15.53.38:823][  0]LogInit: FAudioDevice initialized.
[2018.04.21-15.53.38:874][  0]LogDerivedDataCache: Saved boot cache 0.05s 75MB C:/Users/Student/AppData/Local/UnrealEngine/4.19/DerivedDataCache/Boot.ddc.
[2018.04.21-15.53.38:883][  0]LogInit: Texture streaming: Enabled
[2018.04.21-15.53.38:898][  0]LogEngineSessionManager: EngineSessionManager initialized
[2018.04.21-15.53.38:976][  0]LogInit: Transaction tracking system initialized
[2018.04.21-15.53.39:007][  0]BlueprintLog: New page: Editor Load
[2018.04.21-15.53.39:113][  0]LocalizationService: Localization service is disabled
[2018.04.21-15.53.39:248][  0]LogConsoleResponse: Display: 
[2018.04.21-15.53.39:705][  0]LogCook: Display: Max memory allowance for cook 16384mb min free memory 0mb
[2018.04.21-15.53.39:705][  0]LogCook: Display: Mobile HDR setting 1
[2018.04.21-15.53.39:705][  0]LogGameplayTags: Display: UGameplayTagsManager::DoneAddingNativeTags. DelegateIsBound: 0
[2018.04.21-15.53.39:705][  0]LogStats: UGameplayTagsManager::ConstructGameplayTagTree: Construct from data asset -  0.000 s
[2018.04.21-15.53.39:705][  0]LogStats: UGameplayTagsManager::ConstructGameplayTagTree: GameplayTagTreeChangedEvent.Broadcast -  0.000 s
[2018.04.21-15.53.40:014][  0]LogFileCache: Scanning file cache for directory 'C:/Users/Student/Documents/GitHub/Unreal_VR_Film_Scouting_4.19/Content/' took 0.02s
[2018.04.21-15.53.40:132][  0]SourceControl: Source control is disabled
[2018.04.21-15.53.40:133][  0]Cmd: MAP LOAD FILE="../../../../GitHub/Unreal_VR_Film_Scouting_4.19/Content/VR_Controller/VirtualRealityBP/Maps/MotionControllerMap.umap" TEMPLATE=0 SHOWPROGRESS=1 FEATURELEVEL=3
[2018.04.21-15.53.40:138][  0]LightingResults: New page: Lighting Build
[2018.04.21-15.53.40:141][  0]MapCheck: New page: Map Check
[2018.04.21-15.53.40:141][  0]LightingResults: New page: Lighting Build
[2018.04.21-15.53.41:087][  0]LogBlueprint: Warning: [Compiler BP_MotionController] Set Hand  is deprecated; please replace or remove it.
[2018.04.21-15.53.41:088][  0]LogBlueprint: Warning: [Compiler BP_MotionController] Set Hand  is deprecated; Please use the Motion Source property instead of Hand
[2018.04.21-15.53.41:112][  0]LogBlueprint: Warning: [Compiler BP_MotionController] [0024.18] Compile of BP_MotionController successful, but with 2 Warning(s) [in 42 ms] (/Game/VR_Controller/VirtualRealityBP/Blueprints/BP_MotionController.BP_MotionController)
[2018.04.21-15.53.42:045][  0]LogSkeletalMesh: Skeletal Mesh found in DDC [6.763227ms] /Game/VR_Controller/VirtualReality/Mannequin/Character/Mesh/MannequinHand_Right.MannequinHand_Right
[2018.04.21-15.53.42:253][  0]LogAIModule: Creating AISystem for world MotionControllerMap
[2018.04.21-15.53.42:304][  0]LogEditorServer: Finished looking for orphan Actors (0.000 secs)
[2018.04.21-15.53.42:329][  0]Cmd: MAP CHECKDEP NOCLEARLOG
[2018.04.21-15.53.42:384][  0]MapCheck: Map check complete: 0 Error(s), 0 Warning(s), took 55.21ms to complete.
[2018.04.21-15.53.42:384][  0]LogFileHelpers: Loading map 'MotionControllerMap' took 2.251
[2018.04.21-15.53.42:553][  0]LogCollectionManager: Loaded 0 collections in 0.001666 seconds
[2018.04.21-15.53.42:598][  0]LogFileCache: Scanning file cache for directory 'C:/Users/Student/Documents/GitHub/Unreal_VR_Film_Scouting_4.19/Saved/Collections/' took 0.01s
[2018.04.21-15.53.42:598][  0]LogFileCache: Scanning file cache for directory 'C:/Users/Student/Documents/GitHub/Unreal_VR_Film_Scouting_4.19/Content/Developers/Student/Collections/' took 0.01s
[2018.04.21-15.53.42:598][  0]LogFileCache: Scanning file cache for directory 'C:/Users/Student/Documents/GitHub/Unreal_VR_Film_Scouting_4.19/Content/Collections/' took 0.01s
[2018.04.21-15.53.42:598][  0]LogCollectionManager: Rebuilt the GUID cache for 0 collections in 0.000000 seconds
[2018.04.21-15.53.42:608][  0]LogContentBrowser: Native class hierarchy populated in 0.0098 seconds. Added 2452 classes and 558 folders.
[2018.04.21-15.53.42:616][  0]LogContentBrowser: Native class hierarchy updated for 'WidgetCarousel' in 0.0002 seconds. Added 0 classes and 0 folders.
[2018.04.21-15.53.43:023][  0]LogContentBrowser: Native class hierarchy updated for 'AddContentDialog' in 0.0002 seconds. Added 0 classes and 0 folders.
[2018.04.21-15.53.43:033][  0]LogContentBrowser: Native class hierarchy updated for 'SceneOutliner' in 0.0003 seconds. Added 1 classes and 2 folders.
[2018.04.21-15.53.43:067][  0]LogSlate: Took 0.007143 seconds to synchronously load lazily loaded font '../../../Engine/Content/Slate/Fonts/Roboto-Regular.ttf' (155K)
[2018.04.21-15.53.43:075][  0]LogSlate: Took 0.005523 seconds to synchronously load lazily loaded font '../../../Engine/Content/Slate/Fonts/Roboto-Bold.ttf' (160K)
[2018.04.21-15.53.43:084][  0]LogSlate: Took 0.004639 seconds to synchronously load lazily loaded font '../../../Engine/Content/Editor/Slate/Fonts/FontAwesome.ttf' (139K)
[2018.04.21-15.53.43:241][  0]LogRenderer: Reallocating scene render targets to support 964x436 Format 26 NumSamples 1 (Frame:1).
[2018.04.21-15.53.43:300][  0]LogSlate: Took 0.004606 seconds to synchronously load lazily loaded font '../../../Engine/Content/Slate/Fonts/Roboto-Light.ttf' (167K)
[2018.04.21-15.53.43:420][  0]LogContentBrowser: Native class hierarchy updated for 'HierarchicalLODOutliner' in 0.0003 seconds. Added 0 classes and 0 folders.
[2018.04.21-15.53.43:420][  0]LogLoad: (Engine Initialization) Total time: 26.49 seconds
[2018.04.21-15.53.43:420][  0]LogLoad: (Engine Initialization) Total Blueprint compile time: 0.00 seconds
[2018.04.21-15.53.43:439][  0]LogOcInput: OculusInput is initialized
[2018.04.21-15.53.43:472][  0]LogContentStreaming: Texture pool size now 1000 MB
[2018.04.21-15.53.43:557][  1]LogAssetRegistry: Asset discovery search completed in 12.6343 seconds
[2018.04.21-15.53.43:559][  1]LogCollectionManager: Rebuilt the object cache for 0 collections in 0.000000 seconds (found 0 objects)
[2018.04.21-15.53.43:559][  1]LogCollectionManager: Fixed up redirectors for 0 collections in 0.000055 seconds (updated 0 objects)
[2018.04.21-15.53.50:665][253]LogSlate: FSceneViewport::OnFocusLost() reason 2
[2018.04.21-15.53.55:444][468]LogBlueprintUserMessages: Early PlayInEditor Detection: Level '/Game/VR_Controller/VirtualRealityBP/Maps/MotionControllerMap.MotionControllerMap:PersistentLevel' has LevelScriptBlueprint '/Game/VR_Controller/VirtualRealityBP/Maps/MotionControllerMap.MotionControllerMap:PersistentLevel.MotionControllerMap' with GeneratedClass '/Game/VR_Controller/VirtualRealityBP/Maps/MotionControllerMap.MotionControllerMap_C' with ClassGeneratedBy '/Game/VR_Controller/VirtualRealityBP/Maps/MotionControllerMap.MotionControllerMap:PersistentLevel.MotionControllerMap'
[2018.04.21-15.53.55:444][468]LogPlayLevel: PlayLevel: No blueprints needed recompiling
[2018.04.21-15.53.55:444][468]LogHMD: Initializing OVRPlugin session
[2018.04.21-15.53.56:641][468]PIE: New page: PIE session: MotionControllerMap (Apr 21, 2018, 1:53:56 AM)
[2018.04.21-15.53.56:642][468]LogPlayLevel: Creating play world package: /Game/VR_Controller/VirtualRealityBP/Maps/UEDPIE_0_MotionControllerMap
[2018.04.21-15.53.56:657][468]LogPlayLevel: PIE: StaticDuplicateObject took: (0.015350s)
[2018.04.21-15.53.56:658][468]LogAIModule: Creating AISystem for world MotionControllerMap
[2018.04.21-15.53.56:658][468]LogPlayLevel: PIE: World Init took: (0.001468s)
[2018.04.21-15.53.56:658][468]LogPlayLevel: PIE: Created PIE world by copying editor world from /Game/VR_Controller/VirtualRealityBP/Maps/MotionControllerMap.MotionControllerMap to /Game/VR_Controller/VirtualRealityBP/Maps/UEDPIE_0_MotionControllerMap.MotionControllerMap (0.017035s)
[2018.04.21-15.53.56:722][468]LogInit: XAudio2 using 'Headphones (Rift Audio)' : 2 channels at 48 kHz using 16 bits per sample (channel mask 0x3)
[2018.04.21-15.53.56:736][468]LogInit: FAudioDevice initialized.
[2018.04.21-15.53.56:746][468]LogSlate: FSceneViewport::OnFocusLost() reason 2
[2018.04.21-15.53.56:844][468]LogHMD: Allocating Oculus 2720 x 1600 rendertarget swapchain
[2018.04.21-15.53.56:882][468]LogLoad: Game class is 'VR_Game_Mode_C'
[2018.04.21-15.53.56:890][468]LogWorld: Bringing World /Game/VR_Controller/VirtualRealityBP/Maps/UEDPIE_0_MotionControllerMap.MotionControllerMap up for play (max tick rate 0) at 2018.04.21-08.53.56
[2018.04.21-15.53.56:892][468]LogWorld: Bringing up level for play took: 0.007475
[2018.04.21-15.53.56:897][468]LogContentBrowser: Native class hierarchy updated for 'MovieSceneCapture' in 0.0003 seconds. Added 11 classes and 0 folders.
[2018.04.21-15.53.56:909][468]PIE: Play in editor start time for /Game/VR_Controller/VirtualRealityBP/Maps/UEDPIE_0_MotionControllerMap 1.025
[2018.04.21-15.53.56:909][468]LogBlueprintUserMessages: Late PlayInEditor Detection: Level '/Game/VR_Controller/VirtualRealityBP/Maps/MotionControllerMap.MotionControllerMap:PersistentLevel' has LevelScriptBlueprint '/Game/VR_Controller/VirtualRealityBP/Maps/MotionControllerMap.MotionControllerMap:PersistentLevel.MotionControllerMap' with GeneratedClass '/Game/VR_Controller/VirtualRealityBP/Maps/MotionControllerMap.MotionControllerMap_C' with ClassGeneratedBy '/Game/VR_Controller/VirtualRealityBP/Maps/MotionControllerMap.MotionControllerMap:PersistentLevel.MotionControllerMap'
[2018.04.21-15.53.56:911][468]LogEngine: Changing dynamic resolution state.
[2018.04.21-15.53.56:923][468]LogRenderer: Reallocating scene render targets to support 1920x1080 Format 10 NumSamples 1 (Frame:1).
[2018.04.21-15.53.56:933][468]LogRenderer: Releasing previous depth to switch default clear from depth: 0.000000 stencil: 0 to depth: 0.000000 stencil: 0
[2018.04.21-15.53.56:938][468]LogRenderer: Reallocating scene render targets to support 2720x1600 Format 26 NumSamples 1 (Frame:1).
[2018.04.21-15.53.56:938][468]LogHMD: Allocating Oculus 2720 x 1600 depth rendertarget swapchain
[2018.04.21-15.54.36:711][645]LogSlate: FSceneViewport::OnFocusLost() reason 2
[2018.04.21-15.54.36:731][645]LogSlate: Window 'VR_film_scout Game Preview Standalone (64-bit/PCD3D_SM5)' being destroyed
[2018.04.21-15.54.36:747][645]LogBlueprintUserMessages: Early EndPlayMap Detection: Level '/Game/VR_Controller/VirtualRealityBP/Maps/MotionControllerMap.MotionControllerMap:PersistentLevel' has LevelScriptBlueprint '/Game/VR_Controller/VirtualRealityBP/Maps/MotionControllerMap.MotionControllerMap:PersistentLevel.MotionControllerMap' with GeneratedClass '/Game/VR_Controller/VirtualRealityBP/Maps/MotionControllerMap.MotionControllerMap_C' with ClassGeneratedBy '/Game/VR_Controller/VirtualRealityBP/Maps/MotionControllerMap.MotionControllerMap:PersistentLevel.MotionControllerMap'
[2018.04.21-15.54.36:783][645]LogBlueprintUserMessages: Late EndPlayMap Detection: Level '/Game/VR_Controller/VirtualRealityBP/Maps/MotionControllerMap.MotionControllerMap:PersistentLevel' has LevelScriptBlueprint '/Game/VR_Controller/VirtualRealityBP/Maps/MotionControllerMap.MotionControllerMap:PersistentLevel.MotionControllerMap' with GeneratedClass '/Game/VR_Controller/VirtualRealityBP/Maps/MotionControllerMap.MotionControllerMap_C' with ClassGeneratedBy '/Game/VR_Controller/VirtualRealityBP/Maps/MotionControllerMap.MotionControllerMap:PersistentLevel.MotionControllerMap'
[2018.04.21-15.54.38:525][748]LogD3D11RHI: Error: SwapChain->ResizeBuffers(1,SizeX,SizeY,RenderTargetFormat,DXGI_SWAP_CHAIN_FLAG_ALLOW_MODE_SWITCH) failed 
 at D:\Build\++UE4+Release-4.19+Compile\Sync\Engine\Source\Runtime\Windows\D3D11RHI\Private\D3D11Viewport.cpp:234 
 with error DXGI_ERROR_INVALID_CALL, 
 Size=512x92 Format=DXGI_FORMAT_R8G8B8A8_UNORM(0x0000001C)
[2018.04.21-15.54.38:526][748]LogWindows: Windows GetLastError: The operation completed successfully. (0)
[2018.04.21-15.54.39:101][748]LogWindows: Error: === Critical error: ===
[2018.04.21-15.54.39:101][748]LogWindows: Error: 
[2018.04.21-15.54.39:101][748]LogWindows: Error: Fatal error: [File:D:\Build\++UE4+Release-4.19+Compile\Sync\Engine\Source\Runtime\Windows\D3D11RHI\Private\D3D11Util.cpp] [Line: 327] 
[2018.04.21-15.54.39:101][748]LogWindows: Error: SwapChain->ResizeBuffers(1,SizeX,SizeY,RenderTargetFormat,DXGI_SWAP_CHAIN_FLAG_ALLOW_MODE_SWITCH) failed 
[2018.04.21-15.54.39:101][748]LogWindows: Error:  at D:\Build\++UE4+Release-4.19+Compile\Sync\Engine\Source\Runtime\Windows\D3D11RHI\Private\D3D11Viewport.cpp:234 
[2018.04.21-15.54.39:101][748]LogWindows: Error:  with error DXGI_ERROR_INVALID_CALL, 
[2018.04.21-15.54.39:101][748]LogWindows: Error:  Size=512x92 Format=DXGI_FORMAT_R8G8B8A8_UNORM(0x0000001C)
[2018.04.21-15.54.39:101][748]LogWindows: Error: 
[2018.04.21-15.54.39:101][748]LogWindows: Error: 
[2018.04.21-15.54.39:101][748]LogWindows: Error: [Callstack] 0x00000000880A4008 KERNELBASE.dll!UnknownFunction []
[2018.04.21-15.54.39:101][748]LogWindows: Error: [Callstack] 0x0000000067B17884 UE4Editor-ApplicationCore.dll!UnknownFunction []
[2018.04.21-15.54.39:101][748]LogWindows: Error: [Callstack] 0x00000000590F6D8B UE4Editor-Core.dll!UnknownFunction []
[2018.04.21-15.54.39:101][748]LogWindows: Error: [Callstack] 0x0000000059031929 UE4Editor-Core.dll!UnknownFunction []
[2018.04.21-15.54.39:101][748]LogWindows: Error: [Callstack] 0x000000004B08E3F5 UE4Editor-D3D11RHI.dll!UnknownFunction []
[2018.04.21-15.54.39:101][748]LogWindows: Error: [Callstack] 0x000000004B0864ED UE4Editor-D3D11RHI.dll!UnknownFunction []
[2018.04.21-15.54.39:101][748]LogWindows: Error: [Callstack] 0x000000004AE0CE29 UE4Editor-SlateRHIRenderer.dll!UnknownFunction []
[2018.04.21-15.54.39:101][748]LogWindows: Error: [Callstack] 0x000000004AE233F1 UE4Editor-SlateRHIRenderer.dll!UnknownFunction []
[2018.04.21-15.54.39:101][748]LogWindows: Error: [Callstack] 0x000000005EE044A6 UE4Editor-Slate.dll!UnknownFunction []
[2018.04.21-15.54.39:101][748]LogWindows: Error: [Callstack] 0x000000005EDD2DFA UE4Editor-Slate.dll!UnknownFunction []
[2018.04.21-15.54.39:101][748]LogWindows: Error: [Callstack] 0x000000005EE2A79E UE4Editor-Slate.dll!UnknownFunction []
[2018.04.21-15.54.39:101][748]LogWindows: Error: [Callstack] 0x000000005EE29777 UE4Editor-Slate.dll!UnknownFunction []
[2018.04.21-15.54.39:101][748]LogWindows: Error: [Callstack] 0x0000000054476F3A UE4Editor.exe!UnknownFunction []
[2018.04.21-15.54.39:101][748]LogWindows: Error: [Callstack] 0x0000000054486BD0 UE4Editor.exe!UnknownFunction []
[2018.04.21-15.54.39:101][748]LogWindows: Error: [Callstack] 0x0000000054486C4A UE4Editor.exe!UnknownFunction []
[2018.04.21-15.54.39:101][748]LogWindows: Error: [Callstack] 0x0000000054494149 UE4Editor.exe!UnknownFunction []
[2018.04.21-15.54.39:101][748]LogWindows: Error: [Callstack] 0x0000000054495B57 UE4Editor.exe!UnknownFunction []
[2018.04.21-15.54.39:101][748]LogWindows: Error: [Callstack] 0x00000000897F1FE4 KERNEL32.DLL!UnknownFunction []
[2018.04.21-15.54.39:101][748]LogWindows: Error: [Callstack] 0x000000008AE9EFC1 ntdll.dll!UnknownFunction []
[2018.04.21-15.54.39:101][748]LogWindows: Error: [Callstack] 0x000000008AE9EFC1 ntdll.dll!UnknownFunction []
[2018.04.21-15.54.39:101][748]LogWindows: Error: 
[2018.04.21-15.54.39:117][748]LogExit: Executing StaticShutdownAfterError
[2018.04.21-15.54.39:120][748]LogWindows: FPlatformMisc::RequestExit(1)
[2018.04.21-15.54.39:120][748]Log file closed, 04/21/18 08:54:39
