Log file open, 04/21/18 08:54:45
LogWindows: Failed to load 'aqProf.dll' (GetLastError=126)
LogWindows: File 'aqProf.dll' does not exist
LogWindows: Failed to load 'VtuneApi.dll' (GetLastError=126)
LogWindows: File 'VtuneApi.dll' does not exist
LogWindows: Failed to load 'VtuneApi32e.dll' (GetLastError=126)
LogWindows: File 'VtuneApi32e.dll' does not exist
LogInit: Display: Running engine for game: VR_film_scout
LogPlatformFile: Not using cached read wrapper
LogInit: Display: RandInit(1311386228) SRandInit(1311386228).
LogInit: Read version file with build ID '3944462'
LogInit: Overriding engine version to CL 3989454, compatible CL 3944462
LogInit: Registered custom module enumerator with build ID '3944462'
LogTaskGraph: Started task graph with 5 named threads and 23 total threads with 3 sets of task threads.
LogStats: Stats thread started at 0.272439
LogD3D11RHI: Aftermath initialized
LogICUInternationalization: Display: ICU TimeZone Detection - Raw Offset: -8:00, Platform Override: ''
LogModuleManager: Display: Found up-to-date module file ../../../Engine/Plugins/2D/Paper2D/Binaries/Win64/UE4Editor-Paper2D.dll (API version 3944462).
LogModuleManager: Display: Found up-to-date module file ../../../Engine/Plugins/2D/Paper2D/Binaries/Win64/UE4Editor-Paper2DEditor.dll (API version 3944462).
LogModuleManager: Display: Found up-to-date module file ../../../Engine/Plugins/2D/Paper2D/Binaries/Win64/UE4Editor-PaperSpriteSheetImporter.dll (API version 3944462).
LogModuleManager: Display: Found up-to-date module file ../../../Engine/Plugins/2D/Paper2D/Binaries/Win64/UE4Editor-PaperTiledImporter.dll (API version 3944462).
LogModuleManager: Display: Found up-to-date module file ../../../Engine/Plugins/2D/Paper2D/Binaries/Win64/UE4Editor-SmartSnapping.dll (API version 3944462).
LogModuleManager: Display: Found up-to-date module file ../../../Engine/Plugins/Blendables/LightPropagationVolume/Binaries/Win64/UE4Editor-LightPropagationVolumeRuntime.dll (API version 3944462).
LogModuleManager: Display: Found up-to-date module file ../../../Engine/Plugins/Blendables/LightPropagationVolume/Binaries/Win64/UE4Editor-LightPropagationVolumeEditor.dll (API version 3944462).
LogModuleManager: Display: Found up-to-date module file ../../../Engine/Plugins/Developer/CLionSourceCodeAccess/Binaries/Win64/UE4Editor-CLionSourceCodeAccess.dll (API version 3944462).
LogModuleManager: Display: Found up-to-date module file ../../../Engine/Plugins/Developer/GitSourceControl/Binaries/Win64/UE4Editor-GitSourceControl.dll (API version 3944462).
LogModuleManager: Display: Found up-to-date module file ../../../Engine/Plugins/Developer/PerforceSourceControl/Binaries/Win64/UE4Editor-PerforceSourceControl.dll (API version 3944462).
LogModuleManager: Display: Found up-to-date module file ../../../Engine/Plugins/Developer/SubversionSourceControl/Binaries/Win64/UE4Editor-SubversionSourceControl.dll (API version 3944462).
LogModuleManager: Display: Found up-to-date module file ../../../Engine/Plugins/Developer/UObjectPlugin/Binaries/Win64/UE4Editor-UObjectPlugin.dll (API version 3944462).
LogModuleManager: Display: Found up-to-date module file ../../../Engine/Plugins/Developer/VisualStudioCodeSourceCodeAccess/Binaries/Win64/UE4Editor-VisualStudioCodeSourceCodeAccess.dll (API version 3944462).
LogModuleManager: Display: Found up-to-date module file ../../../Engine/Plugins/Developer/VisualStudioSourceCodeAccess/Binaries/Win64/UE4Editor-VisualStudioSourceCodeAccess.dll (API version 3944462).
LogModuleManager: Display: Found up-to-date module file ../../../Engine/Plugins/Editor/AssetManagerEditor/Binaries/Win64/UE4Editor-AssetManagerEditor.dll (API version 3944462).
LogModuleManager: Display: Found up-to-date module file ../../../Engine/Plugins/Editor/CryptoKeys/Binaries/Win64/UE4Editor-CryptoKeys.dll (API version 3944462).
LogModuleManager: Display: Found up-to-date module file ../../../Engine/Plugins/Editor/CryptoKeys/Binaries/Win64/UE4Editor-CryptoKeysOpenSSL.dll (API version 3944462).
LogModuleManager: Display: Found up-to-date module file ../../../Engine/Plugins/Editor/DataValidation/Binaries/Win64/UE4Editor-DataValidation.dll (API version 3944462).
LogModuleManager: Display: Found up-to-date module file ../../../Engine/Plugins/Editor/FacialAnimation/Binaries/Win64/UE4Editor-FacialAnimation.dll (API version 3944462).
LogModuleManager: Display: Found up-to-date module file ../../../Engine/Plugins/Editor/FacialAnimation/Binaries/Win64/UE4Editor-FacialAnimationEditor.dll (API version 3944462).
LogModuleManager: Display: Found up-to-date module file ../../../Engine/Plugins/Editor/GameplayTagsEditor/Binaries/Win64/UE4Editor-GameplayTagsEditor.dll (API version 3944462).
LogModuleManager: Display: Found up-to-date module file ../../../Engine/Plugins/Editor/MobileLauncherProfileWizard/Binaries/Win64/UE4Editor-MobileLauncherProfileWizard.dll (API version 3944462).
LogModuleManager: Display: Found up-to-date module file ../../../Engine/Plugins/Editor/PluginBrowser/Binaries/Win64/UE4Editor-PluginBrowser.dll (API version 3944462).
LogModuleManager: Display: Found up-to-date module file ../../../Engine/Plugins/Editor/SpeedTreeImporter/Binaries/Win64/UE4Editor-SpeedTreeImporter.dll (API version 3944462).
LogModuleManager: Display: Found up-to-date module file ../../../Engine/Plugins/Enterprise/DatasmithContent/Binaries/Win64/UE4Editor-DatasmithContent.dll (API version 3944462).
LogModuleManager: Display: Found up-to-date module file ../../../Engine/Plugins/Experimental/AlembicImporter/Binaries/Win64/UE4Editor-AlembicImporter.dll (API version 3944462).
LogModuleManager: Display: Found up-to-date module file ../../../Engine/Plugins/Experimental/AlembicImporter/Binaries/Win64/UE4Editor-AlembicLibrary.dll (API version 3944462).
LogModuleManager: Display: Found up-to-date module file ../../../Engine/Plugins/Experimental/CharacterAI/Binaries/Win64/UE4Editor-CharacterAI.dll (API version 3944462).
LogModuleManager: Display: Found up-to-date module file ../../../Engine/Plugins/Experimental/HTML5Networking/Binaries/Win64/UE4Editor-HTML5Networking.dll (API version 3944462).
LogModuleManager: Display: Found up-to-date module file ../../../Engine/Plugins/Media/AndroidMedia/Binaries/Win64/UE4Editor-AndroidMediaEditor.dll (API version 3944462).
LogModuleManager: Display: Found up-to-date module file ../../../Engine/Plugins/Media/AndroidMedia/Binaries/Win64/UE4Editor-AndroidMediaFactory.dll (API version 3944462).
LogModuleManager: Display: Found up-to-date module file ../../../Engine/Plugins/Media/AvfMedia/Binaries/Win64/UE4Editor-AvfMediaEditor.dll (API version 3944462).
LogModuleManager: Display: Found up-to-date module file ../../../Engine/Plugins/Media/AvfMedia/Binaries/Win64/UE4Editor-AvfMediaFactory.dll (API version 3944462).
LogModuleManager: Display: Found up-to-date module file ../../../Engine/Plugins/Media/AvfMedia/Binaries/Win64/UE4Editor-AvfMediaFactory.dll (API version 3944462).
LogModuleManager: Display: Found up-to-date module file ../../../Engine/Plugins/Media/ImgMedia/Binaries/Win64/UE4Editor-ImgMedia.dll (API version 3944462).
LogModuleManager: Display: Found up-to-date module file ../../../Engine/Plugins/Media/ImgMedia/Binaries/Win64/UE4Editor-ImgMediaEditor.dll (API version 3944462).
LogModuleManager: Display: Found up-to-date module file ../../../Engine/Plugins/Media/ImgMedia/Binaries/Win64/UE4Editor-ImgMediaFactory.dll (API version 3944462).
LogModuleManager: Display: Found up-to-date module file ../../../Engine/Plugins/Media/ImgMedia/Binaries/Win64/UE4Editor-ImgMediaFactory.dll (API version 3944462).
LogModuleManager: Display: Found up-to-date module file ../../../Engine/Plugins/Media/ImgMedia/Binaries/Win64/UE4Editor-OpenExrWrapper.dll (API version 3944462).
LogModuleManager: Display: Found up-to-date module file ../../../Engine/Plugins/Media/LinearTimecode/Binaries/Win64/UE4Editor-LinearTimecode.dll (API version 3944462).
LogModuleManager: Display: Found up-to-date module file ../../../Engine/Plugins/Media/MediaCompositing/Binaries/Win64/UE4Editor-MediaCompositing.dll (API version 3944462).
LogModuleManager: Display: Found up-to-date module file ../../../Engine/Plugins/Media/MediaCompositing/Binaries/Win64/UE4Editor-MediaCompositingEditor.dll (API version 3944462).
LogModuleManager: Display: Found up-to-date module file ../../../Engine/Plugins/Media/MediaPlayerEditor/Binaries/Win64/UE4Editor-MediaPlayerEditor.dll (API version 3944462).
LogModuleManager: Display: Found up-to-date module file ../../../Engine/Plugins/Media/WmfMedia/Binaries/Win64/UE4Editor-WmfMedia.dll (API version 3944462).
LogModuleManager: Display: Found up-to-date module file ../../../Engine/Plugins/Media/WmfMedia/Binaries/Win64/UE4Editor-WmfMediaEditor.dll (API version 3944462).
LogModuleManager: Display: Found up-to-date module file ../../../Engine/Plugins/Media/WmfMedia/Binaries/Win64/UE4Editor-WmfMediaFactory.dll (API version 3944462).
LogModuleManager: Display: Found up-to-date module file ../../../Engine/Plugins/Media/WmfMedia/Binaries/Win64/UE4Editor-WmfMediaFactory.dll (API version 3944462).
LogModuleManager: Display: Found up-to-date module file ../../../Engine/Plugins/Messaging/TcpMessaging/Binaries/Win64/UE4Editor-TcpMessaging.dll (API version 3944462).
LogModuleManager: Display: Found up-to-date module file ../../../Engine/Plugins/Messaging/UdpMessaging/Binaries/Win64/UE4Editor-UdpMessaging.dll (API version 3944462).
LogModuleManager: Display: Found up-to-date module file ../../../Engine/Plugins/MovieScene/ActorSequence/Binaries/Win64/UE4Editor-ActorSequence.dll (API version 3944462).
LogModuleManager: Display: Found up-to-date module file ../../../Engine/Plugins/MovieScene/LevelSequenceEditor/Binaries/Win64/UE4Editor-LevelSequenceEditor.dll (API version 3944462).
LogModuleManager: Display: Found up-to-date module file ../../../Engine/Plugins/MovieScene/MatineeToLevelSequence/Binaries/Win64/UE4Editor-MatineeToLevelSequence.dll (API version 3944462).
LogModuleManager: Display: Found up-to-date module file ../../../Engine/Plugins/NetcodeUnitTest/NetcodeUnitTest/Binaries/Win64/UE4Editor-NetcodeUnitTest.dll (API version 3944462).
LogModuleManager: Display: Found up-to-date module file ../../../Engine/Plugins/NetcodeUnitTest/NUTUnrealEngine4/Binaries/Win64/UE4Editor-NUTUnrealEngine4.dll (API version 3944462).
LogModuleManager: Display: Found up-to-date module file ../../../Engine/Plugins/Online/OnlineSubsystem/Binaries/Win64/UE4Editor-OnlineSubsystem.dll (API version 3944462).
LogModuleManager: Display: Found up-to-date module file ../../../Engine/Plugins/Runtime/AndroidPermission/Binaries/Win64/UE4Editor-AndroidPermission.dll (API version 3944462).
LogModuleManager: Display: Found up-to-date module file ../../../Engine/Plugins/Online/OnlineSubsystemNull/Binaries/Win64/UE4Editor-OnlineSubsystemNull.dll (API version 3944462).
LogModuleManager: Display: Found up-to-date module file ../../../Engine/Plugins/Online/OnlineSubsystemUtils/Binaries/Win64/UE4Editor-OnlineSubsystemUtils.dll (API version 3944462).
LogModuleManager: Display: Found up-to-date module file ../../../Engine/Plugins/Online/OnlineSubsystemUtils/Binaries/Win64/UE4Editor-OnlineBlueprintSupport.dll (API version 3944462).
LogModuleManager: Display: Found up-to-date module file ../../../Engine/Plugins/Runtime/AndroidDeviceProfileSelector/Binaries/Win64/UE4Editor-AndroidDeviceProfileSelector.dll (API version 3944462).
LogModuleManager: Display: Found up-to-date module file ../../../Engine/Plugins/Runtime/AppleARKit/Binaries/Win64/UE4Editor-AppleARKit.dll (API version 3944462).
LogModuleManager: Display: Found up-to-date module file ../../../Engine/Plugins/Runtime/ProceduralMeshComponent/Binaries/Win64/UE4Editor-ProceduralMeshComponent.dll (API version 3944462).
LogModuleManager: Display: Found up-to-date module file ../../../Engine/Plugins/Runtime/ProceduralMeshComponent/Binaries/Win64/UE4Editor-ProceduralMeshComponentEditor.dll (API version 3944462).
LogModuleManager: Display: Found up-to-date module file ../../../Engine/Plugins/Animation/LiveLink/Binaries/Win64/UE4Editor-LiveLink.dll (API version 3944462).
LogModuleManager: Display: Found up-to-date module file ../../../Engine/Plugins/Animation/LiveLink/Binaries/Win64/UE4Editor-LiveLinkEditor.dll (API version 3944462).
LogModuleManager: Display: Found up-to-date module file ../../../Engine/Plugins/Runtime/ArchVisCharacter/Binaries/Win64/UE4Editor-ArchVisCharacter.dll (API version 3944462).
LogModuleManager: Display: Found up-to-date module file ../../../Engine/Plugins/Runtime/AudioCapture/Binaries/Win64/UE4Editor-AudioCapture.dll (API version 3944462).
LogModuleManager: Display: Found up-to-date module file ../../../Engine/Plugins/Runtime/AudioCapture/Binaries/Win64/UE4Editor-AudioCaptureEditor.dll (API version 3944462).
LogModuleManager: Display: Found up-to-date module file ../../../Engine/Plugins/Runtime/CableComponent/Binaries/Win64/UE4Editor-CableComponent.dll (API version 3944462).
LogModuleManager: Display: Found up-to-date module file ../../../Engine/Plugins/Runtime/CustomMeshComponent/Binaries/Win64/UE4Editor-CustomMeshComponent.dll (API version 3944462).
LogModuleManager: Display: Found up-to-date module file ../../../Engine/Plugins/Runtime/ExampleDeviceProfileSelector/Binaries/Win64/UE4Editor-ExampleDeviceProfileSelector.dll (API version 3944462).
LogModuleManager: Display: Found up-to-date module file ../../../Engine/Plugins/Runtime/ImmediatePhysics/Binaries/Win64/UE4Editor-ImmediatePhysics.dll (API version 3944462).
LogModuleManager: Display: Found up-to-date module file ../../../Engine/Plugins/Runtime/ImmediatePhysics/Binaries/Win64/UE4Editor-ImmediatePhysicsEditor.dll (API version 3944462).
LogModuleManager: Display: Found up-to-date module file ../../../Engine/Plugins/Runtime/LocationServicesBPLibrary/Binaries/Win64/UE4Editor-LocationServicesBPLibrary.dll (API version 3944462).
LogModuleManager: Display: Found up-to-date module file ../../../Engine/Plugins/Runtime/MobilePatchingUtils/Binaries/Win64/UE4Editor-MobilePatchingUtils.dll (API version 3944462).
LogModuleManager: Display: Found up-to-date module file ../../../Engine/Plugins/Runtime/Oculus/OculusVR/Binaries/Win64/UE4Editor-OculusHMD.dll (API version 3944462).
LogModuleManager: Display: Found up-to-date module file ../../../Engine/Plugins/Runtime/Oculus/OculusVR/Binaries/Win64/UE4Editor-OculusInput.dll (API version 3944462).
LogModuleManager: Display: Found up-to-date module file ../../../Engine/Plugins/Runtime/Oculus/OculusVR/Binaries/Win64/UE4Editor-OculusEditor.dll (API version 3944462).
LogModuleManager: Display: Found up-to-date module file ../../../Engine/Plugins/Runtime/PhysXVehicles/Binaries/Win64/UE4Editor-PhysXVehicles.dll (API version 3944462).
LogModuleManager: Display: Found up-to-date module file ../../../Engine/Plugins/Runtime/PhysXVehicles/Binaries/Win64/UE4Editor-PhysXVehiclesEditor.dll (API version 3944462).
LogModuleManager: Display: Found up-to-date module file ../../../Engine/Plugins/Runtime/RuntimePhysXCooking/Binaries/Win64/UE4Editor-RuntimePhysXCooking.dll (API version 3944462).
LogModuleManager: Display: Found up-to-date module file ../../../Engine/Plugins/Runtime/Steam/SteamVR/Binaries/Win64/UE4Editor-SteamVR.dll (API version 3944462).
LogModuleManager: Display: Found up-to-date module file ../../../Engine/Plugins/Runtime/Steam/SteamVR/Binaries/Win64/UE4Editor-SteamVRController.dll (API version 3944462).
LogModuleManager: Display: Found up-to-date module file ../../../Engine/Plugins/Runtime/WindowsMoviePlayer/Binaries/Win64/UE4Editor-WindowsMoviePlayer.dll (API version 3944462).
LogPluginManager: Mounting plugin Paper2D
LogPluginManager: Mounting plugin LiveLink
LogPluginManager: Mounting plugin LightPropagationVolume
LogPluginManager: Mounting plugin CLionSourceCodeAccess
LogPluginManager: Mounting plugin CodeLiteSourceCodeAccess
LogPluginManager: Mounting plugin GitSourceControl
LogPluginManager: Mounting plugin KDevelopSourceCodeAccess
LogPluginManager: Mounting plugin NullSourceCodeAccess
LogPluginManager: Mounting plugin PerforceSourceControl
LogPluginManager: Mounting plugin SubversionSourceControl
LogPluginManager: Mounting plugin UObjectPlugin
LogPluginManager: Mounting plugin VisualStudioCodeSourceCodeAccess
LogPluginManager: Mounting plugin VisualStudioSourceCodeAccess
LogPluginManager: Mounting plugin XCodeSourceCodeAccess
LogPluginManager: Mounting plugin AssetManagerEditor
LogPluginManager: Mounting plugin CryptoKeys
LogPluginManager: Mounting plugin DataValidation
LogPluginManager: Mounting plugin FacialAnimation
LogPluginManager: Mounting plugin GameplayTagsEditor
LogPluginManager: Mounting plugin MobileLauncherProfileWizard
LogPluginManager: Mounting plugin PluginBrowser
LogPluginManager: Mounting plugin SpeedTreeImporter
LogPluginManager: Mounting plugin DatasmithContent
LogPluginManager: Mounting plugin AlembicImporter
LogPluginManager: Mounting plugin CharacterAI
LogPluginManager: Mounting plugin HTML5Networking
LogPluginManager: Mounting plugin AndroidMedia
LogPluginManager: Mounting plugin AvfMedia
LogPluginManager: Mounting plugin ImgMedia
LogPluginManager: Mounting plugin LinearTimecode
LogPluginManager: Mounting plugin MediaCompositing
LogPluginManager: Mounting plugin MediaPlayerEditor
LogPluginManager: Mounting plugin WmfMedia
LogPluginManager: Mounting plugin TcpMessaging
LogPluginManager: Mounting plugin UdpMessaging
LogPluginManager: Mounting plugin ActorSequence
LogPluginManager: Mounting plugin LevelSequenceEditor
LogPluginManager: Mounting plugin MatineeToLevelSequence
LogPluginManager: Mounting plugin NetcodeUnitTest
LogPluginManager: Mounting plugin NUTUnrealEngine4
LogPluginManager: Mounting plugin OnlineSubsystemGooglePlay
LogPluginManager: Mounting plugin OnlineSubsystemIOS
LogPluginManager: Mounting plugin OnlineSubsystem
LogPluginManager: Mounting plugin OnlineSubsystemNull
LogPluginManager: Mounting plugin OnlineSubsystemUtils
LogPluginManager: Mounting plugin AndroidDeviceProfileSelector
LogPluginManager: Mounting plugin AndroidMoviePlayer
LogPluginManager: Mounting plugin AndroidPermission
LogPluginManager: Mounting plugin AppleARKit
LogPluginManager: Mounting plugin AppleMoviePlayer
LogPluginManager: Mounting plugin ArchVisCharacter
LogPluginManager: Mounting plugin AudioCapture
LogPluginManager: Mounting plugin CableComponent
LogPluginManager: Mounting plugin CustomMeshComponent
LogPluginManager: Mounting plugin ExampleDeviceProfileSelector
LogPluginManager: Mounting plugin GoogleCloudMessaging
LogPluginManager: Mounting plugin ImmediatePhysics
LogPluginManager: Mounting plugin IOSDeviceProfileSelector
LogPluginManager: Mounting plugin LinuxDeviceProfileSelector
LogPluginManager: Mounting plugin LocationServicesBPLibrary
LogPluginManager: Mounting plugin MobilePatchingUtils
LogPluginManager: Mounting plugin OculusVR
LogPluginManager: Plugin shader directory ../../../Engine/Plugins/Runtime/Oculus/OculusVR/Shaders found
LogPluginManager: Mapping shader source directory ../../../Engine/Plugins/Runtime/Oculus/OculusVR/Shaders to virtual directory /Plugin/OculusVR
LogPluginManager: Mounting plugin PhysXVehicles
LogPluginManager: Mounting plugin ProceduralMeshComponent
LogPluginManager: Mounting plugin RuntimePhysXCooking
LogPluginManager: Mounting plugin SteamVR
LogPluginManager: Mounting plugin WindowsMoviePlayer
LogStreaming: Display: Took  0.912s to configure plugins.
LogInit: Using libcurl 7.47.1
LogInit:  - built for x86_64-pc-win32
LogInit:  - supports SSL with OpenSSL/1.0.2g
LogInit:  - supports HTTP deflate (compression) using libz 1.2.8
LogInit:  - other features:
LogInit:      CURL_VERSION_SSL
LogInit:      CURL_VERSION_LIBZ
LogInit:      CURL_VERSION_IPV6
LogInit:      CURL_VERSION_ASYNCHDNS
LogInit:      CURL_VERSION_LARGEFILE
LogInit:      CURL_VERSION_IDN
LogInit:  CurlRequestOptions (configurable via config and command line):
LogInit:  - bVerifyPeer = false  - Libcurl will NOT verify peer certificate
LogInit:  - bUseHttpProxy = false  - Libcurl will NOT use HTTP proxy
LogInit:  - bDontReuseConnections = false  - Libcurl will reuse connections
LogInit:  - CertBundlePath = nullptr  - Libcurl will use whatever was configured at build time.
LogInit:  - MaxHostConnections = 16  - Libcurl will limit the number of connections to a host
LogInit:  - LocalHostAddr = Default
LogInit: WinSock: version 1.1 (2.2), MaxSocks=32767, MaxUdp=65467
LogInit: WinSock: I am DESKTOP-E09JTEF (10.10.15.49:0)
LogInit: Build: ++UE4+Release-4.19-CL-3989454
LogInit: Engine Version: 4.19.1-3989454+++UE4+Release-4.19
LogInit: Compatible Engine Version: 4.19.0-3944462+++UE4+Release-4.19
LogInit: Net CL: 3944462
LogDevObjectVersion: Number of dev versions registered: 18
LogDevObjectVersion:   Dev-Blueprints (B0D832E4-1F89-4F0D-ACCF-7EB736FD4AA2): 10
LogDevObjectVersion:   Dev-Build (E1C64328-A22C-4D53-A36C-8E866417BD8C): 0
LogDevObjectVersion:   Dev-Core (375EC13C-06E4-48FB-B500-84F0262A717E): 2
LogDevObjectVersion:   Dev-Editor (E4B068ED-F494-42E9-A231-DA0B2E46BB41): 23
LogDevObjectVersion:   Dev-Framework (CFFC743F-43B0-4480-9391-14DF171D2073): 33
LogDevObjectVersion:   Dev-Mobile (B02B49B5-BB20-44E9-A304-32B752E40360): 2
LogDevObjectVersion:   Dev-Networking (A4E4105C-59A1-49B5-A7C5-40C4547EDFEE): 0
LogDevObjectVersion:   Dev-Online (39C831C9-5AE6-47DC-9A44-9C173E1C8E7C): 0
LogDevObjectVersion:   Dev-Physics (78F01B33-EBEA-4F98-B9B4-84EACCB95AA2): 0
LogDevObjectVersion:   Dev-Platform (6631380F-2D4D-43E0-8009-CF276956A95A): 0
LogDevObjectVersion:   Dev-Rendering (12F88B9F-8875-4AFC-A67C-D90C383ABD29): 25
LogDevObjectVersion:   Dev-Sequencer (7B5AE74C-D270-4C10-A958-57980B212A5A): 6
LogDevObjectVersion:   Dev-VR (D7296918-1DD6-4BDD-9DE2-64A83CC13884): 1
LogDevObjectVersion:   Dev-LoadTimes (C2A15278-BFE7-4AFE-6C17-90FF531DF755): 1
LogDevObjectVersion:   Private-Geometry (6EACA3D4-40EC-4CC1-B786-8BED09428FC5): 2
LogDevObjectVersion:   Dev-AnimPhys (29E575DD-E0A3-4627-9D10-D276232CDCEA): 16
LogDevObjectVersion:   Dev-ReflectionCapture (6B266CEC-1EC7-4B8F-A30B-E4D90942FC07): 1
LogDevObjectVersion:   Dev-Automation (0DF73D61-A23F-47EA-B727-89E90C41499A): 1
LogInit: Compiled (64-bit): Apr  6 2018 12:26:04
LogInit: Compiled with Visual C++: 19.00.24215.01
LogInit: Build Configuration: Development
LogInit: Branch Name: ++UE4+Release-4.19
LogInit: Command Line: 
LogInit: Base Directory: C:/Users/Student/Documents/UE_4.19/Engine/Binaries/Win64/
LogInit: Installed Engine Build: 1
LogStreaming: Display: Took  0.000s to delete old logs.
LogInit: Presizing for max 8388607 objects, including 0 objects not considered by GC, pre-allocating 0 bytes for permanent pool.
LogInit: Object subsystem initialized
[2018.04.21-15.54.46:629][  0]LogInit: Selected Device Profile: [Windows]
[2018.04.21-15.54.46:629][  0]LogInit: Applying CVar settings loaded from the selected device profile: [Windows]
[2018.04.21-15.54.46:641][  0]LogInit: Computer: DESKTOP-E09JTEF
[2018.04.21-15.54.46:641][  0]LogInit: User: Student
[2018.04.21-15.54.46:641][  0]LogInit: CPU Page size=4096, Cores=4
[2018.04.21-15.54.46:641][  0]LogInit: High frequency timer resolution =2.742182 MHz
[2018.04.21-15.54.46:642][  0]LogMemory: Memory total: Physical=16.0GB (16GB approx)
[2018.04.21-15.54.46:642][  0]LogMemory: Platform Memory Stats for Windows
[2018.04.21-15.54.46:642][  0]LogMemory: Process Physical Memory: 281.73 MB used, 281.73 MB peak
[2018.04.21-15.54.46:642][  0]LogMemory: Process Virtual Memory: 271.30 MB used, 271.30 MB peak
[2018.04.21-15.54.46:642][  0]LogMemory: Physical Memory: 4669.95 MB used,  11668.60 MB free, 16338.55 MB total
[2018.04.21-15.54.46:642][  0]LogMemory: Virtual Memory: 751.16 MB used,  11668.60 MB free, 134217728.00 MB total
[2018.04.21-15.54.46:998][  0]LogInit: Using OS detected language (en-US).
[2018.04.21-15.54.46:998][  0]LogInit: Using OS detected locale (en-US).
[2018.04.21-15.54.47:001][  0]LogTextLocalizationManager: No specific localization for 'en-US' exists, so the 'en' localization will be used.
[2018.04.21-15.54.47:440][  0]LogStreaming: Display: Took  0.441s to EndInitTextLocalization.
[2018.04.21-15.54.47:440][  0]LogInit: Setting process to per monitor DPI aware
[2018.04.21-15.54.47:480][  0]LogSlate: New Slate User Created.  User Index 0, Is Virtual User: 0
[2018.04.21-15.54.47:480][  0]LogSlate: Slate User Registered.  User Index 0, Is Virtual User: 0
[2018.04.21-15.54.47:676][  0]LogD3D11RHI: D3D11 adapters:
[2018.04.21-15.54.47:706][  0]LogD3D11RHI:    0. 'NVIDIA GeForce GTX 1080 with Max-Q Design' (Feature Level 11_0)
[2018.04.21-15.54.47:706][  0]LogD3D11RHI:       8105/0/8169 MB DedicatedVideo/DedicatedSystem/SharedSystem, Outputs:1, VendorId:0x10de
[2018.04.21-15.54.47:708][  0]LogD3D11RHI:    1. 'Microsoft Basic Render Driver' (Feature Level 11_0)
[2018.04.21-15.54.47:708][  0]LogD3D11RHI:       0/0/8169 MB DedicatedVideo/DedicatedSystem/SharedSystem, Outputs:0, VendorId:0x1414
[2018.04.21-15.54.47:708][  0]LogD3D11RHI: Chosen D3D11 Adapter: 0
[2018.04.21-15.54.47:713][  0]LogD3D11RHI: Creating new Direct3DDevice
[2018.04.21-15.54.47:714][  0]LogD3D11RHI:     GPU DeviceId: 0x1be0 (for the marketing name, search the web for "GPU Device Id")
[2018.04.21-15.54.47:714][  0]LogWindows: EnumDisplayDevices:
[2018.04.21-15.54.47:714][  0]LogWindows:    0. 'NVIDIA GeForce GTX 1080 with Max-Q Design' (P:1 D:1)
[2018.04.21-15.54.47:714][  0]LogWindows:    1. 'NVIDIA GeForce GTX 1080 with Max-Q Design' (P:0 D:0)
[2018.04.21-15.54.47:714][  0]LogWindows:    2. 'NVIDIA GeForce GTX 1080 with Max-Q Design' (P:0 D:0)
[2018.04.21-15.54.47:714][  0]LogWindows:    3. 'NVIDIA GeForce GTX 1080 with Max-Q Design' (P:0 D:0)
[2018.04.21-15.54.47:714][  0]LogWindows: DebugString: GetVideoDriverDetailsInvalid PrimaryIsNotTheChoosenAdapter GetVideoDriverDetailsInvalid PrimaryIsNotTheChoosenAdapter GetVideoDriverDetailsInvalid PrimaryIsNotTheChoosenAdapter GetVideoDriverDetailsInvalid PrimaryIsNotTheChoosenAdapter FoundDriverCount:0 
[2018.04.21-15.54.47:714][  0]LogD3D11RHI:     Adapter Name: NVIDIA GeForce GTX 1080 with Max-Q Design
[2018.04.21-15.54.47:714][  0]LogD3D11RHI:   Driver Version: Unknown (internal:Unknown, unified:Unknown)
[2018.04.21-15.54.47:714][  0]LogD3D11RHI:      Driver Date: Unknown
[2018.04.21-15.54.47:714][  0]LogRHI: Texture pool is 5673 MB (70% of 8105 MB)
[2018.04.21-15.54.47:734][  0]LogD3D11RHI: [Aftermath] Aftermath enabled but failed to initialize
[2018.04.21-15.54.47:734][  0]LogD3D11RHI: [Aftermath] Aftermath enabled and primed
[2018.04.21-15.54.47:734][  0]LogD3D11RHI: Async texture creation enabled
[2018.04.21-15.54.47:745][  0]LogD3D11RHI: GPU Timing Frequency: 1000.000000 (Debug: 2 1)
[2018.04.21-15.54.47:790][  0]LogShaderCompilers: Guid format shader working directory is 1 characters bigger than the processId version (../../../../GitHub/Unreal_VR_Film_Scouting_4.19/Intermediate/Shaders/WorkingDirectory/4532/).
[2018.04.21-15.54.47:790][  0]LogShaderCompilers: Cleaned the shader compiler working directory 'C:/Users/Student/AppData/Local/Temp/UnrealShaderWorkingDir/44C192C84244A2892598AC84B8B1C376/'.
[2018.04.21-15.54.48:034][  0]LogTemp: Display: Loaded TP AllDesktopTargetPlatform
[2018.04.21-15.54.48:048][  0]LogTemp: Display: Loaded TP MacClientTargetPlatform
[2018.04.21-15.54.48:062][  0]LogTemp: Display: Loaded TP MacNoEditorTargetPlatform
[2018.04.21-15.54.48:076][  0]LogTemp: Display: Loaded TP MacServerTargetPlatform
[2018.04.21-15.54.48:090][  0]LogTemp: Display: Loaded TP MacTargetPlatform
[2018.04.21-15.54.48:104][  0]LogTemp: Display: Loaded TP WindowsClientTargetPlatform
[2018.04.21-15.54.48:118][  0]LogTemp: Display: Loaded TP WindowsNoEditorTargetPlatform
[2018.04.21-15.54.48:132][  0]LogTemp: Display: Loaded TP WindowsServerTargetPlatform
[2018.04.21-15.54.48:140][  0]LogTemp: Display: Loaded TP WindowsTargetPlatform
[2018.04.21-15.54.48:152][  0]LogTemp: Display: Loaded TP Android_ASTCTargetPlatform
[2018.04.21-15.54.48:164][  0]LogTemp: Display: Loaded TP Android_ATCTargetPlatform
[2018.04.21-15.54.48:175][  0]LogTemp: Display: Loaded TP Android_DXTTargetPlatform
[2018.04.21-15.54.48:187][  0]LogTemp: Display: Loaded TP Android_ETC1aTargetPlatform
[2018.04.21-15.54.48:199][  0]LogTemp: Display: Loaded TP Android_ETC1TargetPlatform
[2018.04.21-15.54.48:210][  0]LogTemp: Display: Loaded TP Android_ETC2TargetPlatform
[2018.04.21-15.54.48:234][  0]LogTemp: Display: Loaded TP Android_MultiTargetPlatform
[2018.04.21-15.54.48:234][  0]LogTemp: Display: Loaded TP Android_PVRTCTargetPlatform
[2018.04.21-15.54.48:246][  0]LogTemp: Display: Loaded TP AndroidTargetPlatform
[2018.04.21-15.54.48:247][  0]LogTemp: Display: Loaded TP HTML5TargetPlatform
[2018.04.21-15.54.48:282][  0]LogTemp: Display: Loaded TP IOSTargetPlatform
[2018.04.21-15.54.48:293][  0]LogTemp: Display: Loaded TP TVOSTargetPlatform
[2018.04.21-15.54.48:305][  0]LogTemp: Display: Loaded TP LinuxClientTargetPlatform
[2018.04.21-15.54.48:318][  0]LogTemp: Display: Loaded TP LinuxNoEditorTargetPlatform
[2018.04.21-15.54.48:330][  0]LogTemp: Display: Loaded TP LinuxServerTargetPlatform
[2018.04.21-15.54.48:343][  0]LogTemp: Display: Loaded TP LinuxTargetPlatform
[2018.04.21-15.54.48:343][  0]LogTargetPlatformManager: Display: Building Assets For Windows
[2018.04.21-15.54.48:443][  0]LogXGEController: Cleaning working directory: C:/Users/Student/AppData/Local/Temp/UnrealXGEWorkingDir/
[2018.04.21-15.54.48:443][  0]LogXGEController: Cannot use XGE Controller as Incredibuild is not installed on this machine.
[2018.04.21-15.54.48:443][  0]LogShaderCompilers: Cannot use XGE Shader Compiler as Incredibuild is not installed on this machine.
[2018.04.21-15.54.48:443][  0]LogShaderCompilers: Display: Using Local Shader Compiler.
[2018.04.21-15.54.49:236][  0]LogDerivedDataCache: Display: Max Cache Size: 512 MB
[2018.04.21-15.54.49:317][  0]LogDerivedDataCache: Loaded boot cache 0.08s 75MB C:/Users/Student/AppData/Local/UnrealEngine/4.19/DerivedDataCache/Boot.ddc.
[2018.04.21-15.54.49:317][  0]LogDerivedDataCache: Display: Loaded Boot cache: C:/Users/Student/AppData/Local/UnrealEngine/4.19/DerivedDataCache/Boot.ddc
[2018.04.21-15.54.49:317][  0]LogDerivedDataCache: FDerivedDataBackendGraph:  Pak pak cache file ../../../../GitHub/Unreal_VR_Film_Scouting_4.19/DerivedDataCache/DDC.ddp not found, will not use a pak cache.
[2018.04.21-15.54.49:317][  0]LogDerivedDataCache: Unable to find inner node Pak for hierarchical cache Hierarchy.
[2018.04.21-15.54.49:317][  0]LogDerivedDataCache: FDerivedDataBackendGraph:  CompressedPak pak cache file ../../../../GitHub/Unreal_VR_Film_Scouting_4.19/DerivedDataCache/Compressed.ddp not found, will not use a pak cache.
[2018.04.21-15.54.49:318][  0]LogDerivedDataCache: Unable to find inner node CompressedPak for hierarchical cache Hierarchy.
[2018.04.21-15.54.49:341][  0]LogDerivedDataCache: Display: Pak cache opened for reading ../../../Engine/DerivedDataCache/Compressed.ddp.
[2018.04.21-15.54.49:353][  0]LogDerivedDataCache: Using Local data cache path C:/Users/Student/AppData/Local/UnrealEngine/Common/DerivedDataCache: Writable
[2018.04.21-15.54.49:371][  0]LogMaterial: Verifying Global Shaders for PCD3D_SM5
[2018.04.21-15.54.49:371][  0]LogSlate: Using Freetype 2.6.0
[2018.04.21-15.54.49:372][  0]LogSlate: SlateFontCache - WITH_FREETYPE: 1, WITH_HARFBUZZ: 1
[2018.04.21-15.54.49:372][  0]LogSlate: SlateFontCache - WITH_FREETYPE: 1, WITH_HARFBUZZ: 1
[2018.04.21-15.54.49:518][  0]LogAssetRegistry: FAssetRegistry took 0.0284 seconds to start up
[2018.04.21-15.54.49:830][  0]LogInit: Selected Device Profile: [Windows]
[2018.04.21-15.54.49:973][  0]LogSimplygon: Simplygon DLL not present - disabling.
[2018.04.21-15.54.49:976][  0]LogMeshReduction: Using SimplygonSwarm for distributed automatic mesh merging
[2018.04.21-15.54.49:976][  0]LogMeshReduction: Using QuadricMeshReduction for automatic static mesh reduction
[2018.04.21-15.54.49:976][  0]LogMeshReduction: No automatic skeletal mesh reduction module available
[2018.04.21-15.54.49:976][  0]LogMeshReduction: No automatic mesh merging module available
[2018.04.21-15.54.49:976][  0]LogMeshMerging: No automatic mesh merging module available
[2018.04.21-15.54.50:017][  0]LogNetVersion: VR_film_scout , NetCL: 3944462, EngineNetVer: 2, GameNetVer: 0 (Checksum: 2631997143)
[2018.04.21-15.54.50:468][  0]LogPackageLocalizationCache: Processed 9 localized package path(s) for 2 prioritized culture(s) in 0.080414 seconds
[2018.04.21-15.54.50:473][  0]LogUObjectArray: 36728 objects as part of root set at end of initial load.
[2018.04.21-15.54.50:473][  0]LogUObjectAllocator: 7314312 out of 0 bytes used by permanent object pool.
[2018.04.21-15.54.50:473][  0]LogUObjectArray: CloseDisregardForGC: 0/0 objects in disregard for GC pool
[2018.04.21-15.54.52:125][  0]LogTcpMessaging: Initializing TcpMessaging bridge
[2018.04.21-15.54.52:151][  0]LogUdpMessaging: Initializing bridge on interface 0.0.0.0:0 to multicast group 230.0.0.1:6666.
[2018.04.21-15.54.52:460][  0]SourceControl: Source control is disabled
[2018.04.21-15.54.52:460][  0]SourceControl: Source control is disabled
[2018.04.21-15.54.52:477][  0]SourceControl: Source control is disabled
[2018.04.21-15.54.52:491][  0]SourceControl: Source control is disabled
[2018.04.21-15.54.53:118][  0]LogAndroidPermission: UAndroidPermissionCallbackProxy::GetInstance
[2018.04.21-15.54.53:312][  0]LogOcInput: OculusInput pre-init called
[2018.04.21-15.54.53:407][  0]LogEngine: Initializing Engine...
[2018.04.21-15.54.53:408][  0]LogHMD: Oculus plugin initialized. Version: 4.19.1-3989454+++UE4+Release-4.19, OVRPlugin: 1.21.0
[2018.04.21-15.54.53:409][  0]LogStats: UGameplayTagsManager::ConstructGameplayTagTree: Construct from data asset -  0.000 s
[2018.04.21-15.54.53:409][  0]LogStats: UGameplayTagsManager::ConstructGameplayTagTree: GameplayTagTreeChangedEvent.Broadcast -  0.000 s
[2018.04.21-15.54.53:670][  0]LogAIModule: Creating AISystem for world Untitled
[2018.04.21-15.54.53:695][  0]LogInit: XAudio2 using 'Headphones (Rift Audio)' : 2 channels at 48 kHz using 16 bits per sample (channel mask 0x3)
[2018.04.21-15.54.53:709][  0]LogInit: FAudioDevice initialized.
[2018.04.21-15.54.53:795][  0]LogDerivedDataCache: Saved boot cache 0.08s 75MB C:/Users/Student/AppData/Local/UnrealEngine/4.19/DerivedDataCache/Boot.ddc.
[2018.04.21-15.54.53:807][  0]LogInit: Texture streaming: Enabled
[2018.04.21-15.54.53:822][  0]LogEngineSessionManager: EngineSessionManager initialized
[2018.04.21-15.54.53:822][  0]LogEngineSessionManager: EngineSessionManager sent abnormal shutdown report. Type=Crashed, SessionId={CCBA47F5-4A94-4B06-4105-B1AC7F3CCBFF}
[2018.04.21-15.54.53:834][  0]LogInit: Transaction tracking system initialized
[2018.04.21-15.54.53:857][  0]BlueprintLog: New page: Editor Load
[2018.04.21-15.54.53:921][  0]LocalizationService: Localization service is disabled
[2018.04.21-15.54.54:006][  0]LogConsoleResponse: Display: 
[2018.04.21-15.54.54:158][  0]LogCook: Display: Max memory allowance for cook 16384mb min free memory 0mb
[2018.04.21-15.54.54:158][  0]LogCook: Display: Mobile HDR setting 1
[2018.04.21-15.54.54:158][  0]LogGameplayTags: Display: UGameplayTagsManager::DoneAddingNativeTags. DelegateIsBound: 0
[2018.04.21-15.54.54:158][  0]LogStats: UGameplayTagsManager::ConstructGameplayTagTree: Construct from data asset -  0.000 s
[2018.04.21-15.54.54:158][  0]LogStats: UGameplayTagsManager::ConstructGameplayTagTree: GameplayTagTreeChangedEvent.Broadcast -  0.000 s
[2018.04.21-15.54.54:456][  0]LogFileCache: Scanning file cache for directory 'C:/Users/Student/Documents/GitHub/Unreal_VR_Film_Scouting_4.19/Content/' took 0.02s
[2018.04.21-15.54.54:456][  0]SourceControl: Source control is disabled
[2018.04.21-15.54.54:456][  0]Cmd: MAP LOAD FILE="../../../../GitHub/Unreal_VR_Film_Scouting_4.19/Content/VR_Controller/VirtualRealityBP/Maps/MotionControllerMap.umap" TEMPLATE=0 SHOWPROGRESS=1 FEATURELEVEL=3
[2018.04.21-15.54.54:457][  0]LightingResults: New page: Lighting Build
[2018.04.21-15.54.54:459][  0]MapCheck: New page: Map Check
[2018.04.21-15.54.54:459][  0]LightingResults: New page: Lighting Build
[2018.04.21-15.54.54:921][  0]LogBlueprint: Warning: [Compiler BP_MotionController] Set Hand  is deprecated; please replace or remove it.
[2018.04.21-15.54.54:921][  0]LogBlueprint: Warning: [Compiler BP_MotionController] Set Hand  is deprecated; Please use the Motion Source property instead of Hand
[2018.04.21-15.54.54:945][  0]LogBlueprint: Warning: [Compiler BP_MotionController] [0010.94] Compile of BP_MotionController successful, but with 2 Warning(s) [in 40 ms] (/Game/VR_Controller/VirtualRealityBP/Blueprints/BP_MotionController.BP_MotionController)
[2018.04.21-15.54.55:546][  0]LogSkeletalMesh: Skeletal Mesh found in DDC [0.887614ms] /Game/VR_Controller/VirtualReality/Mannequin/Character/Mesh/MannequinHand_Right.MannequinHand_Right
[2018.04.21-15.54.55:586][  0]LogAIModule: Creating AISystem for world MotionControllerMap
[2018.04.21-15.54.55:633][  0]LogEditorServer: Finished looking for orphan Actors (0.000 secs)
[2018.04.21-15.54.55:657][  0]Cmd: MAP CHECKDEP NOCLEARLOG
[2018.04.21-15.54.55:714][  0]MapCheck: Map check complete: 0 Error(s), 0 Warning(s), took 57.242ms to complete.
[2018.04.21-15.54.55:715][  0]LogFileHelpers: Loading map 'MotionControllerMap' took 1.258
[2018.04.21-15.54.55:789][  0]LogWindowsTextInputMethodSystem: Display: IME system now deactivated.
[2018.04.21-15.54.55:789][  0]LogWindowsTextInputMethodSystem: Display: IME system now deactivated.
[2018.04.21-15.54.55:866][  0]LogCollectionManager: Loaded 0 collections in 0.001616 seconds
[2018.04.21-15.54.55:910][  0]LogFileCache: Scanning file cache for directory 'C:/Users/Student/Documents/GitHub/Unreal_VR_Film_Scouting_4.19/Saved/Collections/' took 0.01s
[2018.04.21-15.54.55:910][  0]LogFileCache: Scanning file cache for directory 'C:/Users/Student/Documents/GitHub/Unreal_VR_Film_Scouting_4.19/Content/Developers/Student/Collections/' took 0.01s
[2018.04.21-15.54.55:910][  0]LogFileCache: Scanning file cache for directory 'C:/Users/Student/Documents/GitHub/Unreal_VR_Film_Scouting_4.19/Content/Collections/' took 0.01s
[2018.04.21-15.54.55:910][  0]LogCollectionManager: Rebuilt the GUID cache for 0 collections in 0.000000 seconds
[2018.04.21-15.54.55:919][  0]LogContentBrowser: Native class hierarchy populated in 0.0086 seconds. Added 2452 classes and 558 folders.
[2018.04.21-15.54.55:926][  0]LogContentBrowser: Native class hierarchy updated for 'WidgetCarousel' in 0.0003 seconds. Added 0 classes and 0 folders.
[2018.04.21-15.54.55:964][  0]LogContentBrowser: Native class hierarchy updated for 'AddContentDialog' in 0.0003 seconds. Added 0 classes and 0 folders.
[2018.04.21-15.54.55:968][  0]LogContentBrowser: Native class hierarchy updated for 'SceneOutliner' in 0.0002 seconds. Added 1 classes and 2 folders.
[2018.04.21-15.54.55:987][  0]LogSlate: Took 0.000188 seconds to synchronously load lazily loaded font '../../../Engine/Content/Slate/Fonts/Roboto-Regular.ttf' (155K)
[2018.04.21-15.54.55:991][  0]LogSlate: Took 0.000195 seconds to synchronously load lazily loaded font '../../../Engine/Content/Slate/Fonts/Roboto-Bold.ttf' (160K)
[2018.04.21-15.54.56:002][  0]LogSlate: Took 0.000984 seconds to synchronously load lazily loaded font '../../../Engine/Content/Editor/Slate/Fonts/FontAwesome.ttf' (139K)
[2018.04.21-15.54.56:107][  0]LogRenderer: Reallocating scene render targets to support 964x436 Format 26 NumSamples 1 (Frame:1).
[2018.04.21-15.54.56:173][  0]LogSlate: Took 0.000247 seconds to synchronously load lazily loaded font '../../../Engine/Content/Slate/Fonts/Roboto-Light.ttf' (167K)
[2018.04.21-15.54.56:329][  0]LogContentBrowser: Native class hierarchy updated for 'HierarchicalLODOutliner' in 0.0002 seconds. Added 0 classes and 0 folders.
[2018.04.21-15.54.56:329][  0]LogLoad: (Engine Initialization) Total time: 12.33 seconds
[2018.04.21-15.54.56:329][  0]LogLoad: (Engine Initialization) Total Blueprint compile time: 0.00 seconds
[2018.04.21-15.54.56:348][  0]LogOcInput: OculusInput is initialized
[2018.04.21-15.54.56:382][  0]LogContentStreaming: Texture pool size now 1000 MB
[2018.04.21-15.54.56:446][  1]LogAssetRegistry: Asset discovery search completed in 6.9496 seconds
[2018.04.21-15.54.56:449][  1]LogCollectionManager: Rebuilt the object cache for 0 collections in 0.000000 seconds (found 0 objects)
[2018.04.21-15.54.56:449][  1]LogCollectionManager: Fixed up redirectors for 0 collections in 0.000054 seconds (updated 0 objects)
[2018.04.21-15.55.05:534][529]LogSlate: FSceneViewport::OnFocusLost() reason 0
[2018.04.21-15.55.05:753][542]LogTemp: Repeating last play command: VR Preview
[2018.04.21-15.55.05:769][542]LogBlueprintUserMessages: Early PlayInEditor Detection: Level '/Game/VR_Controller/VirtualRealityBP/Maps/MotionControllerMap.MotionControllerMap:PersistentLevel' has LevelScriptBlueprint '/Game/VR_Controller/VirtualRealityBP/Maps/MotionControllerMap.MotionControllerMap:PersistentLevel.MotionControllerMap' with GeneratedClass '/Game/VR_Controller/VirtualRealityBP/Maps/MotionControllerMap.MotionControllerMap_C' with ClassGeneratedBy '/Game/VR_Controller/VirtualRealityBP/Maps/MotionControllerMap.MotionControllerMap:PersistentLevel.MotionControllerMap'
[2018.04.21-15.55.05:769][542]LogPlayLevel: PlayLevel: No blueprints needed recompiling
[2018.04.21-15.55.05:769][542]LogHMD: Initializing OVRPlugin session
[2018.04.21-15.55.05:819][542]PIE: New page: PIE session: MotionControllerMap (Apr 21, 2018, 1:55:05 AM)
[2018.04.21-15.55.05:819][542]LogPlayLevel: Creating play world package: /Game/VR_Controller/VirtualRealityBP/Maps/UEDPIE_0_MotionControllerMap
[2018.04.21-15.55.05:828][542]LogPlayLevel: PIE: StaticDuplicateObject took: (0.008604s)
[2018.04.21-15.55.05:828][542]LogAIModule: Creating AISystem for world MotionControllerMap
[2018.04.21-15.55.05:829][542]LogPlayLevel: PIE: World Init took: (0.000629s)
[2018.04.21-15.55.05:829][542]LogPlayLevel: PIE: Created PIE world by copying editor world from /Game/VR_Controller/VirtualRealityBP/Maps/MotionControllerMap.MotionControllerMap to /Game/VR_Controller/VirtualRealityBP/Maps/UEDPIE_0_MotionControllerMap.MotionControllerMap (0.009377s)
[2018.04.21-15.55.05:860][542]LogInit: XAudio2 using 'Headphones (Rift Audio)' : 2 channels at 48 kHz using 16 bits per sample (channel mask 0x3)
[2018.04.21-15.55.05:869][542]LogInit: FAudioDevice initialized.
[2018.04.21-15.55.05:969][542]LogHMD: Allocating Oculus 2720 x 1600 rendertarget swapchain
[2018.04.21-15.55.06:007][542]LogLoad: Game class is 'VR_Game_Mode_C'
[2018.04.21-15.55.06:015][542]LogWorld: Bringing World /Game/VR_Controller/VirtualRealityBP/Maps/UEDPIE_0_MotionControllerMap.MotionControllerMap up for play (max tick rate 0) at 2018.04.21-08.55.06
[2018.04.21-15.55.06:016][542]LogWorld: Bringing up level for play took: 0.007357
[2018.04.21-15.55.06:020][542]LogContentBrowser: Native class hierarchy updated for 'MovieSceneCapture' in 0.0004 seconds. Added 11 classes and 0 folders.
[2018.04.21-15.55.06:032][542]PIE: Play in editor start time for /Game/VR_Controller/VirtualRealityBP/Maps/UEDPIE_0_MotionControllerMap 0.148
[2018.04.21-15.55.06:032][542]LogBlueprintUserMessages: Late PlayInEditor Detection: Level '/Game/VR_Controller/VirtualRealityBP/Maps/MotionControllerMap.MotionControllerMap:PersistentLevel' has LevelScriptBlueprint '/Game/VR_Controller/VirtualRealityBP/Maps/MotionControllerMap.MotionControllerMap:PersistentLevel.MotionControllerMap' with GeneratedClass '/Game/VR_Controller/VirtualRealityBP/Maps/MotionControllerMap.MotionControllerMap_C' with ClassGeneratedBy '/Game/VR_Controller/VirtualRealityBP/Maps/MotionControllerMap.MotionControllerMap:PersistentLevel.MotionControllerMap'
[2018.04.21-15.55.06:033][542]LogEngine: Changing dynamic resolution state.
[2018.04.21-15.55.06:040][542]LogRenderer: Reallocating scene render targets to support 1920x1080 Format 10 NumSamples 1 (Frame:1).
[2018.04.21-15.55.06:050][542]LogRenderer: Releasing previous depth to switch default clear from depth: 0.000000 stencil: 0 to depth: 0.000000 stencil: 0
[2018.04.21-15.55.06:053][542]LogRenderer: Reallocating scene render targets to support 2720x1600 Format 26 NumSamples 1 (Frame:1).
[2018.04.21-15.55.06:053][542]LogHMD: Allocating Oculus 2720 x 1600 depth rendertarget swapchain
[2018.04.21-15.56.19:690][ 17]LogBlueprintUserMessages: Early EndPlayMap Detection: Level '/Game/VR_Controller/VirtualRealityBP/Maps/MotionControllerMap.MotionControllerMap:PersistentLevel' has LevelScriptBlueprint '/Game/VR_Controller/VirtualRealityBP/Maps/MotionControllerMap.MotionControllerMap:PersistentLevel.MotionControllerMap' with GeneratedClass '/Game/VR_Controller/VirtualRealityBP/Maps/MotionControllerMap.MotionControllerMap_C' with ClassGeneratedBy '/Game/VR_Controller/VirtualRealityBP/Maps/MotionControllerMap.MotionControllerMap:PersistentLevel.MotionControllerMap'
[2018.04.21-15.56.19:795][ 17]LogSlate: Window 'VR_film_scout Game Preview Standalone (64-bit/PCD3D_SM5)' being destroyed
[2018.04.21-15.56.19:835][ 17]LogBlueprintUserMessages: Late EndPlayMap Detection: Level '/Game/VR_Controller/VirtualRealityBP/Maps/MotionControllerMap.MotionControllerMap:PersistentLevel' has LevelScriptBlueprint '/Game/VR_Controller/VirtualRealityBP/Maps/MotionControllerMap.MotionControllerMap:PersistentLevel.MotionControllerMap' with GeneratedClass '/Game/VR_Controller/VirtualRealityBP/Maps/MotionControllerMap.MotionControllerMap_C' with ClassGeneratedBy '/Game/VR_Controller/VirtualRealityBP/Maps/MotionControllerMap.MotionControllerMap:PersistentLevel.MotionControllerMap'
[2018.04.21-15.56.19:866][ 18]LogEngine: Changing dynamic resolution state.
[2018.04.21-15.56.48:938][747]LogSlate: Took 0.000212 seconds to synchronously load lazily loaded font '../../../Engine/Content/Slate/Fonts/Roboto-Light.ttf' (167K)
[2018.04.21-15.56.49:306][747]LogContentBrowser: Native class hierarchy updated for 'BlueprintGraph' in 0.0008 seconds. Added 116 classes and 0 folders.
[2018.04.21-15.56.50:052][747]LogMaterial: Missing cached shader map for material PersonaFloorMat, compiling. 
[2018.04.21-15.56.50:171][747]LogShaderCompilers: Display: Shaders left to compile 31
[2018.04.21-15.56.50:172][747]LogShaderCompilers: Display: Shaders left to compile 21
[2018.04.21-15.56.50:172][747]LogShaderCompilers: Display: Shaders left to compile 11
[2018.04.21-15.56.50:172][747]LogShaderCompilers: Display: Shaders left to compile 1
[2018.04.21-15.56.50:187][747]LogSlate: Took 0.004864 seconds to synchronously load lazily loaded font '../../../Engine/Content/Slate/Fonts/Roboto-BoldCondensed.ttf' (158K)
[2018.04.21-15.56.50:633][748]LogSlate: Took 0.000236 seconds to synchronously load lazily loaded font '../../../Engine/Content/Slate/Fonts/Roboto-Italic.ttf' (157K)
[2018.04.21-16.00.25:611][647]BlueprintLog: New page: Compile BP_MotionController
[2018.04.21-16.00.25:778][647]LogBlueprint: Warning: [Compiler BP_MotionController] Set Hand  is deprecated; please replace or remove it.
[2018.04.21-16.00.25:778][647]LogBlueprint: Warning: [Compiler BP_MotionController] Set Hand  is deprecated; Please use the Motion Source property instead of Hand
[2018.04.21-16.00.26:099][647]LogBlueprint: Warning: [Compiler BP_MotionController] [0342.10] Compile of BP_MotionController successful, but with 2 Warning(s) [in 487 ms] (/Game/VR_Controller/VirtualRealityBP/Blueprints/BP_MotionController.BP_MotionController)
[2018.04.21-16.00.27:365][682]LogSavePackage: Save=202.78ms
[2018.04.21-16.00.27:365][682]LogSavePackage: Moving '../../../../GitHub/Unreal_VR_Film_Scouting_4.19/Saved/BP_MotionController6459E13F4F1BC93C46EB3FA4CE2FD122.tmp' to '../../../../GitHub/Unreal_VR_Film_Scouting_4.19/Content/VR_Controller/VirtualRealityBP/Blueprints/BP_MotionController.uasset'
[2018.04.21-16.00.27:370][682]LogSavePackage: Display: Finished SavePackage ../../../../GitHub/Unreal_VR_Film_Scouting_4.19/Content/VR_Controller/VirtualRealityBP/Blueprints/BP_MotionController.uasset
[2018.04.21-16.00.30:441][852]LogTemp: Repeating last play command: VR Preview
[2018.04.21-16.00.30:458][852]LogBlueprintUserMessages: Early PlayInEditor Detection: Level '/Game/VR_Controller/VirtualRealityBP/Maps/MotionControllerMap.MotionControllerMap:PersistentLevel' has LevelScriptBlueprint '/Game/VR_Controller/VirtualRealityBP/Maps/MotionControllerMap.MotionControllerMap:PersistentLevel.MotionControllerMap' with GeneratedClass '/Game/VR_Controller/VirtualRealityBP/Maps/MotionControllerMap.MotionControllerMap_C' with ClassGeneratedBy '/Game/VR_Controller/VirtualRealityBP/Maps/MotionControllerMap.MotionControllerMap:PersistentLevel.MotionControllerMap'
[2018.04.21-16.00.30:458][852]LogPlayLevel: PlayLevel: No blueprints needed recompiling
[2018.04.21-16.00.30:458][852]LogHMD: Initializing OVRPlugin session
[2018.04.21-16.00.30:509][852]PIE: New page: PIE session: MotionControllerMap (Apr 21, 2018, 2:00:30 AM)
[2018.04.21-16.00.30:509][852]LogPlayLevel: Creating play world package: /Game/VR_Controller/VirtualRealityBP/Maps/UEDPIE_0_MotionControllerMap
[2018.04.21-16.00.30:517][852]LogPlayLevel: PIE: StaticDuplicateObject took: (0.008139s)
[2018.04.21-16.00.30:517][852]LogAIModule: Creating AISystem for world MotionControllerMap
[2018.04.21-16.00.30:517][852]LogPlayLevel: PIE: World Init took: (0.000579s)
[2018.04.21-16.00.30:517][852]LogPlayLevel: PIE: Created PIE world by copying editor world from /Game/VR_Controller/VirtualRealityBP/Maps/MotionControllerMap.MotionControllerMap to /Game/VR_Controller/VirtualRealityBP/Maps/UEDPIE_0_MotionControllerMap.MotionControllerMap (0.008841s)
[2018.04.21-16.00.30:559][852]LogInit: XAudio2 using 'Headphones (Rift Audio)' : 2 channels at 48 kHz using 16 bits per sample (channel mask 0x3)
[2018.04.21-16.00.30:568][852]LogInit: FAudioDevice initialized.
[2018.04.21-16.00.30:701][852]LogHMD: Allocating Oculus 2720 x 1600 rendertarget swapchain
[2018.04.21-16.00.30:736][852]LogLoad: Game class is 'VR_Game_Mode_C'
[2018.04.21-16.00.30:741][852]LogWorld: Bringing World /Game/VR_Controller/VirtualRealityBP/Maps/UEDPIE_0_MotionControllerMap.MotionControllerMap up for play (max tick rate 0) at 2018.04.21-09.00.30
[2018.04.21-16.00.30:742][852]LogWorld: Bringing up level for play took: 0.005481
[2018.04.21-16.00.30:768][852]PIE: Play in editor start time for /Game/VR_Controller/VirtualRealityBP/Maps/UEDPIE_0_MotionControllerMap 0.885
[2018.04.21-16.00.30:775][852]LogBlueprintUserMessages: Late PlayInEditor Detection: Level '/Game/VR_Controller/VirtualRealityBP/Maps/MotionControllerMap.MotionControllerMap:PersistentLevel' has LevelScriptBlueprint '/Game/VR_Controller/VirtualRealityBP/Maps/MotionControllerMap.MotionControllerMap:PersistentLevel.MotionControllerMap' with GeneratedClass '/Game/VR_Controller/VirtualRealityBP/Maps/MotionControllerMap.MotionControllerMap_C' with ClassGeneratedBy '/Game/VR_Controller/VirtualRealityBP/Maps/MotionControllerMap.MotionControllerMap:PersistentLevel.MotionControllerMap'
[2018.04.21-16.00.30:777][852]LogEngine: Changing dynamic resolution state.
[2018.04.21-16.00.30:783][852]LogRenderer: Releasing previous depth to switch default clear from depth: 0.000000 stencil: 0 to depth: 0.000000 stencil: 0
[2018.04.21-16.00.30:783][852]LogHMD: Allocating Oculus 2720 x 1600 depth rendertarget swapchain
[2018.04.21-16.01.43:383][ 43]LogBlueprintUserMessages: Early EndPlayMap Detection: Level '/Game/VR_Controller/VirtualRealityBP/Maps/MotionControllerMap.MotionControllerMap:PersistentLevel' has LevelScriptBlueprint '/Game/VR_Controller/VirtualRealityBP/Maps/MotionControllerMap.MotionControllerMap:PersistentLevel.MotionControllerMap' with GeneratedClass '/Game/VR_Controller/VirtualRealityBP/Maps/MotionControllerMap.MotionControllerMap_C' with ClassGeneratedBy '/Game/VR_Controller/VirtualRealityBP/Maps/MotionControllerMap.MotionControllerMap:PersistentLevel.MotionControllerMap'
[2018.04.21-16.01.43:499][ 43]LogSlate: Window 'VR_film_scout Game Preview Standalone (64-bit/PCD3D_SM5)' being destroyed
[2018.04.21-16.01.43:537][ 43]LogBlueprintUserMessages: Late EndPlayMap Detection: Level '/Game/VR_Controller/VirtualRealityBP/Maps/MotionControllerMap.MotionControllerMap:PersistentLevel' has LevelScriptBlueprint '/Game/VR_Controller/VirtualRealityBP/Maps/MotionControllerMap.MotionControllerMap:PersistentLevel.MotionControllerMap' with GeneratedClass '/Game/VR_Controller/VirtualRealityBP/Maps/MotionControllerMap.MotionControllerMap_C' with ClassGeneratedBy '/Game/VR_Controller/VirtualRealityBP/Maps/MotionControllerMap.MotionControllerMap:PersistentLevel.MotionControllerMap'
[2018.04.21-16.01.43:577][ 44]LogEngine: Changing dynamic resolution state.
[2018.04.21-16.38.02:564][807]LogSlate: Window 'BP_MotionController' being destroyed
[2018.04.21-16.38.02:567][807]LogSlate: Window 'BP_MotionController' being destroyed
[2018.04.21-16.38.02:756][807]LogSlate: Window 'VR_film_scout - Unreal Editor' being destroyed
[2018.04.21-16.38.02:757][807]LogWindowsTextInputMethodSystem: Display: IME system now deactivated.
[2018.04.21-16.38.02:757][807]LogWindowsTextInputMethodSystem: Display: IME system now deactivated.
[2018.04.21-16.38.02:938][808]Cmd: QUIT_EDITOR
[2018.04.21-16.38.03:543][808]LogSlate: Slate User Destroyed.  User Index 0, Is Virtual User: 0
[2018.04.21-16.38.03:543][808]LogExit: Preparing to exit.
[2018.04.21-16.38.04:436][808]LogDirectoryWatcher: A directory notification for 'C:/Users/Student/Documents/GitHub/Unreal_VR_Film_Scouting_4.19/Content/' was aborted.
[2018.04.21-16.38.04:475][808]LogExit: Editor shut down
[2018.04.21-16.38.04:486][808]LogExit: Transaction tracking system shut down
[2018.04.21-16.38.04:565][808]LogDirectoryWatcher: A directory notification for '../../../Engine/Content/' was aborted.
[2018.04.21-16.38.04:565][808]LogDirectoryWatcher: A directory notification for '../../../../GitHub/Unreal_VR_Film_Scouting_4.19/Content/' was aborted.
[2018.04.21-16.38.04:565][808]LogDirectoryWatcher: A directory notification for '../../Plugins/2D/Paper2D/Content/' was aborted.
[2018.04.21-16.38.04:565][808]LogDirectoryWatcher: A directory notification for '../../Plugins/Enterprise/DatasmithContent/Content/' was aborted.
[2018.04.21-16.38.04:566][808]LogDirectoryWatcher: A directory notification for '../../Plugins/Media/MediaCompositing/Content/' was aborted.
[2018.04.21-16.38.04:566][808]LogDirectoryWatcher: A directory notification for '../../Plugins/Runtime/AppleARKit/Content/' was aborted.
[2018.04.21-16.38.04:566][808]LogDirectoryWatcher: A directory notification for '../../Plugins/Runtime/Oculus/OculusVR/Content/' was aborted.
[2018.04.21-16.38.04:566][808]LogDirectoryWatcher: A directory notification for '../../Plugins/Runtime/Steam/SteamVR/Content/' was aborted.
[2018.04.21-16.38.04:694][808]LogExit: Object subsystem successfully closed.
[2018.04.21-16.38.04:723][808]LogShaderCompilers: Display: Shaders left to compile 0
[2018.04.21-16.38.04:727][808]LogD3D11RHI: Shutdown
[2018.04.21-16.38.04:727][808]LogD3D11RHI: CleanupD3DDevice
[2018.04.21-16.38.04:731][808]LogD3D11RHI: ~FD3D11DynamicRHI
[2018.04.21-16.38.04:770][808]LogModuleManager: Shutting down and abandoning module BlueprintGraph (578)
[2018.04.21-16.38.04:770][808]LogModuleManager: Shutting down and abandoning module MovieSceneCapture (576)
[2018.04.21-16.38.04:770][808]LogModuleManager: Shutting down and abandoning module HierarchicalLODOutliner (574)
[2018.04.21-16.38.04:770][808]LogModuleManager: Shutting down and abandoning module SceneOutliner (572)
[2018.04.21-16.38.04:770][808]LogModuleManager: Shutting down and abandoning module AddContentDialog (570)
[2018.04.21-16.38.04:771][808]LogDirectoryWatcher: A directory notification for 'C:/Users/Student/Documents/UE_4.19/FeaturePacks/' was aborted.
[2018.04.21-16.38.04:772][808]LogModuleManager: Shutting down and abandoning module WidgetCarousel (569)
[2018.04.21-16.38.04:772][808]LogModuleManager: Shutting down and abandoning module EditorWidgets (566)
[2018.04.21-16.38.04:772][808]LogModuleManager: Shutting down and abandoning module CollectionManager (564)
[2018.04.21-16.38.04:772][808]LogDirectoryWatcher: A directory notification for 'C:/Users/Student/Documents/GitHub/Unreal_VR_Film_Scouting_4.19/Content/Collections/' was aborted.
[2018.04.21-16.38.04:772][808]LogDirectoryWatcher: A directory notification for 'C:/Users/Student/Documents/GitHub/Unreal_VR_Film_Scouting_4.19/Content/Developers/Student/Collections/' was aborted.
[2018.04.21-16.38.04:772][808]LogDirectoryWatcher: A directory notification for 'C:/Users/Student/Documents/GitHub/Unreal_VR_Film_Scouting_4.19/Saved/Collections/' was aborted.
[2018.04.21-16.38.04:772][808]LogModuleManager: Shutting down and abandoning module StatsViewer (562)
[2018.04.21-16.38.04:773][808]LogModuleManager: Shutting down and abandoning module FoliageEdit (560)
[2018.04.21-16.38.04:773][808]LogModuleManager: Shutting down and abandoning module LandscapeEditor (558)
[2018.04.21-16.38.04:773][808]LogModuleManager: Shutting down and abandoning module MeshPaintMode (556)
[2018.04.21-16.38.04:773][808]LogModuleManager: Shutting down and abandoning module SceneDepthPickerMode (554)
[2018.04.21-16.38.04:773][808]LogModuleManager: Shutting down and abandoning module ActorPickerMode (552)
[2018.04.21-16.38.04:773][808]LogModuleManager: Shutting down and abandoning module GeometryMode (550)
[2018.04.21-16.38.04:774][808]LogModuleManager: Shutting down and abandoning module TextureAlignMode (548)
[2018.04.21-16.38.04:774][808]LogModuleManager: Shutting down and abandoning module BspMode (546)
[2018.04.21-16.38.04:774][808]LogModuleManager: Shutting down and abandoning module PIEPreviewDeviceProfileSelector (544)
[2018.04.21-16.38.04:774][808]LogModuleManager: Shutting down and abandoning module HardwareSurvey (542)
[2018.04.21-16.38.04:774][808]LogModuleManager: Shutting down and abandoning module SequenceRecorderSections (540)
[2018.04.21-16.38.04:774][808]LogModuleManager: Shutting down and abandoning module AutomationWorker (538)
[2018.04.21-16.38.04:774][808]LogModuleManager: Shutting down and abandoning module AudioCaptureEditor (536)
[2018.04.21-16.38.04:774][808]LogModuleManager: Shutting down and abandoning module SequenceRecorder (535)
[2018.04.21-16.38.04:774][808]LogModuleManager: Shutting down and abandoning module MatineeToLevelSequence (532)
[2018.04.21-16.38.04:774][808]LogModuleManager: Shutting down and abandoning module LevelSequenceEditor (530)
[2018.04.21-16.38.04:775][808]LogModuleManager: Shutting down and abandoning module PlacementMode (529)
[2018.04.21-16.38.04:775][808]LogModuleManager: Shutting down and abandoning module MaterialEditor (528)
[2018.04.21-16.38.04:777][808]LogModuleManager: Shutting down and abandoning module WmfMediaFactory (524)
[2018.04.21-16.38.04:777][808]LogModuleManager: Shutting down and abandoning module WmfMediaEditor (522)
[2018.04.21-16.38.04:777][808]LogModuleManager: Shutting down and abandoning module MediaPlayerEditor (520)
[2018.04.21-16.38.04:778][808]LogModuleManager: Shutting down and abandoning module OpenExrWrapper (518)
[2018.04.21-16.38.04:778][808]LogModuleManager: Shutting down and abandoning module ImgMediaFactory (516)
[2018.04.21-16.38.04:778][808]LogModuleManager: Shutting down and abandoning module ImgMediaEditor (514)
[2018.04.21-16.38.04:778][808]LogModuleManager: Shutting down and abandoning module AvfMediaFactory (512)
[2018.04.21-16.38.04:778][808]LogModuleManager: Shutting down and abandoning module AvfMediaEditor (510)
[2018.04.21-16.38.04:778][808]LogModuleManager: Shutting down and abandoning module AndroidMediaFactory (508)
[2018.04.21-16.38.04:778][808]LogModuleManager: Shutting down and abandoning module AndroidMediaEditor (506)
[2018.04.21-16.38.04:778][808]LogModuleManager: Shutting down and abandoning module CharacterAI (504)
[2018.04.21-16.38.04:778][808]LogModuleManager: Shutting down and abandoning module SmartSnapping (502)
[2018.04.21-16.38.04:778][808]LogModuleManager: Shutting down and abandoning module SessionServices (500)
[2018.04.21-16.38.04:778][808]LogModuleManager: Shutting down and abandoning module ViewportSnapping (498)
[2018.04.21-16.38.04:778][808]LogModuleManager: Shutting down and abandoning module ViewportInteraction (496)
[2018.04.21-16.38.04:778][808]LogModuleManager: Shutting down and abandoning module ClothPainter (494)
[2018.04.21-16.38.04:779][808]LogModuleManager: Shutting down and abandoning module SkeletalMeshEditor (493)
[2018.04.21-16.38.04:780][808]LogModuleManager: Shutting down and abandoning module LogVisualizer (490)
[2018.04.21-16.38.04:781][808]LogModuleManager: Shutting down and abandoning module IntroTutorials (488)
[2018.04.21-16.38.04:781][808]LogModuleManager: Shutting down and abandoning module GameProjectGeneration (487)
[2018.04.21-16.38.04:782][808]LogModuleManager: Shutting down and abandoning module IOSPlatformEditor (484)
[2018.04.21-16.38.04:782][808]LogModuleManager: Shutting down and abandoning module HTML5PlatformEditor (482)
[2018.04.21-16.38.04:782][808]LogModuleManager: Shutting down and abandoning module AndroidPlatformEditor (480)
[2018.04.21-16.38.04:782][808]LogModuleManager: Shutting down and abandoning module AndroidDeviceDetection (479)
[2018.04.21-16.38.05:079][808]LogModuleManager: Shutting down and abandoning module WindowsPlatformEditor (476)
[2018.04.21-16.38.05:079][808]LogModuleManager: Shutting down and abandoning module IOSRuntimeSettings (474)
[2018.04.21-16.38.05:079][808]LogModuleManager: Shutting down and abandoning module AndroidRuntimeSettings (472)
[2018.04.21-16.38.05:079][808]LogModuleManager: Shutting down and abandoning module InputBindingEditor (470)
[2018.04.21-16.38.05:080][808]LogModuleManager: Shutting down and abandoning module MergeActors (468)
[2018.04.21-16.38.05:080][808]LogModuleManager: Shutting down and abandoning module LocalizationDashboard (466)
[2018.04.21-16.38.05:082][808]LogModuleManager: Shutting down and abandoning module LocalizationService (465)
[2018.04.21-16.38.05:082][808]LogModuleManager: Shutting down and abandoning module HardwareTargeting (462)
[2018.04.21-16.38.05:082][808]LogModuleManager: Shutting down and abandoning module DeviceProfileEditor (460)
[2018.04.21-16.38.05:082][808]LogModuleManager: Shutting down and abandoning module UndoHistory (458)
[2018.04.21-16.38.05:083][808]LogModuleManager: Shutting down and abandoning module XmlParser (456)
[2018.04.21-16.38.05:083][808]LogModuleManager: Shutting down and abandoning module Blutility (454)
[2018.04.21-16.38.05:083][808]LogModuleManager: Shutting down and abandoning module ProjectSettingsViewer (452)
[2018.04.21-16.38.05:083][808]LogModuleManager: Shutting down and abandoning module ProjectTargetPlatformEditor (451)
[2018.04.21-16.38.05:083][808]LogModuleManager: Shutting down and abandoning module EditorSettingsViewer (448)
[2018.04.21-16.38.05:083][808]LogModuleManager: Shutting down and abandoning module SettingsEditor (446)
[2018.04.21-16.38.05:084][808]LogModuleManager: Shutting down and abandoning module ProjectLauncher (444)
[2018.04.21-16.38.05:084][808]LogModuleManager: Shutting down and abandoning module SessionFrontend (442)
[2018.04.21-16.38.05:084][808]LogModuleManager: Shutting down and abandoning module ProfilerClient (440)
[2018.04.21-16.38.05:085][808]LogModuleManager: Shutting down and abandoning module DeviceManager (438)
[2018.04.21-16.38.05:085][808]LogModuleManager: Shutting down and abandoning module TargetDeviceServices (437)
[2018.04.21-16.38.05:149][808]LogModuleManager: Shutting down and abandoning module AutomationController (434)
[2018.04.21-16.38.05:149][808]LogModuleManager: Shutting down and abandoning module AutomationWindow (432)
[2018.04.21-16.38.05:150][808]LogModuleManager: Shutting down and abandoning module Layers (430)
[2018.04.21-16.38.05:152][808]LogModuleManager: Shutting down and abandoning module ComponentVisualizers (428)
[2018.04.21-16.38.05:152][808]LogModuleManager: Shutting down and abandoning module DetailCustomizations (426)
[2018.04.21-16.38.05:153][808]LogModuleManager: Shutting down and abandoning module PackagesDialog (424)
[2018.04.21-16.38.05:153][808]LogModuleManager: Shutting down and abandoning module Persona (422)
[2018.04.21-16.38.05:154][808]LogModuleManager: Shutting down and abandoning module AdvancedPreviewScene (421)
[2018.04.21-16.38.05:154][808]LogModuleManager: Shutting down and abandoning module AnimGraph (419)
[2018.04.21-16.38.05:154][808]LogModuleManager: Shutting down and abandoning module Kismet (416)
[2018.04.21-16.38.05:160][808]LogModuleManager: Shutting down and abandoning module GraphEditor (414)
[2018.04.21-16.38.05:160][808]LogModuleManager: Shutting down and abandoning module ClassViewer (412)
[2018.04.21-16.38.05:160][808]LogModuleManager: Shutting down and abandoning module Toolbox (410)
[2018.04.21-16.38.05:160][808]LogModuleManager: Shutting down and abandoning module ModuleUI (408)
[2018.04.21-16.38.05:160][808]LogModuleManager: Shutting down and abandoning module MovieSceneTools (406)
[2018.04.21-16.38.05:161][808]LogModuleManager: Shutting down and abandoning module OutputLog (404)
[2018.04.21-16.38.05:162][808]LogModuleManager: Shutting down and abandoning module GammaUI (402)
[2018.04.21-16.38.05:162][808]LogModuleManager: Shutting down and abandoning module Documentation (400)
[2018.04.21-16.38.05:162][808]LogModuleManager: Shutting down and abandoning module MovieSceneTracks (398)
[2018.04.21-16.38.05:162][808]LogModuleManager: Shutting down and abandoning module MovieScene (396)
[2018.04.21-16.38.05:162][808]LogModuleManager: Shutting down and abandoning module StreamingPauseRendering (394)
[2018.04.21-16.38.05:162][808]LogModuleManager: Shutting down and abandoning module LauncherPlatform (392)
[2018.04.21-16.38.05:162][808]LogModuleManager: Shutting down and abandoning module AnalyticsET (390)
[2018.04.21-16.38.05:162][808]LogModuleManager: Shutting down and abandoning module PortalServices (388)
[2018.04.21-16.38.05:162][808]LogModuleManager: Shutting down and abandoning module PortalRpc (386)
[2018.04.21-16.38.05:162][808]LogModuleManager: Shutting down and abandoning module MessagingRpc (384)
[2018.04.21-16.38.05:162][808]LogModuleManager: Shutting down and abandoning module AIModule (382)
[2018.04.21-16.38.05:162][808]LogModuleManager: Shutting down and abandoning module GameplayDebugger (381)
[2018.04.21-16.38.05:162][808]LogModuleManager: Shutting down and abandoning module AITestSuite (379)
[2018.04.21-16.38.05:162][808]LogModuleManager: Shutting down and abandoning module DesktopPlatform (376)
[2018.04.21-16.38.05:162][808]LogModuleManager: Shutting down and abandoning module ProfilerService (374)
[2018.04.21-16.38.05:234][808]LogModuleManager: Shutting down and abandoning module TaskGraph (372)
[2018.04.21-16.38.05:235][808]LogModuleManager: Shutting down and abandoning module SteamVRController (370)
[2018.04.21-16.38.05:235][808]LogModuleManager: Shutting down and abandoning module ProceduralMeshComponentEditor (368)
[2018.04.21-16.38.05:235][808]LogModuleManager: Shutting down and abandoning module ProceduralMeshComponent (366)
[2018.04.21-16.38.05:236][808]LogModuleManager: Shutting down and abandoning module OculusInput (364)
[2018.04.21-16.38.05:236][808]LogModuleManager: Shutting down and abandoning module MobilePatchingUtils (362)
[2018.04.21-16.38.05:236][808]LogModuleManager: Shutting down and abandoning module CustomMeshComponent (360)
[2018.04.21-16.38.05:236][808]LogModuleManager: Shutting down and abandoning module CableComponent (358)
[2018.04.21-16.38.05:236][808]LogModuleManager: Shutting down and abandoning module AudioCapture (356)
[2018.04.21-16.38.05:236][808]LogModuleManager: Shutting down and abandoning module ArchVisCharacter (354)
[2018.04.21-16.38.05:236][808]LogModuleManager: Shutting down and abandoning module AndroidPermission (352)
[2018.04.21-16.38.05:236][808]LogModuleManager: Shutting down and abandoning module NUTUnrealEngine4 (348)
[2018.04.21-16.38.05:236][808]LogModuleManager: Shutting down and abandoning module NetcodeUnitTest (346)
[2018.04.21-16.38.05:237][808]LogModuleManager: Shutting down and abandoning module MediaCompositingEditor (344)
[2018.04.21-16.38.05:237][808]LogModuleManager: Shutting down and abandoning module MediaCompositing (342)
[2018.04.21-16.38.05:237][808]LogModuleManager: Shutting down and abandoning module LinearTimecode (340)
[2018.04.21-16.38.05:237][808]LogModuleManager: Shutting down and abandoning module ImgMedia (338)
[2018.04.21-16.38.05:241][808]LogModuleManager: Shutting down and abandoning module HTML5Networking (336)
[2018.04.21-16.38.05:241][808]LogModuleManager: Shutting down and abandoning module AlembicImporter (334)
[2018.04.21-16.38.05:242][808]LogModuleManager: Shutting down and abandoning module AlembicLibrary (333)
[2018.04.21-16.38.05:242][808]LogModuleManager: Shutting down and abandoning module GeometryCache (332)
[2018.04.21-16.38.05:242][808]LogModuleManager: Shutting down and abandoning module GeometryCacheEd (331)
[2018.04.21-16.38.05:242][808]LogModuleManager: Shutting down and abandoning module DatasmithContent (326)
[2018.04.21-16.38.05:242][808]LogModuleManager: Shutting down and abandoning module SpeedTreeImporter (324)
[2018.04.21-16.38.05:242][808]LogModuleManager: Shutting down and abandoning module PluginBrowser (322)
[2018.04.21-16.38.05:243][808]LogModuleManager: Shutting down and abandoning module MobileLauncherProfileWizard (320)
[2018.04.21-16.38.05:243][808]LogModuleManager: Shutting down and abandoning module CryptoKeysOpenSSL (318)
[2018.04.21-16.38.05:243][808]LogModuleManager: Shutting down and abandoning module CryptoKeys (316)
[2018.04.21-16.38.05:244][808]LogModuleManager: Shutting down and abandoning module VisualStudioSourceCodeAccess (314)
[2018.04.21-16.38.05:244][808]LogModuleManager: Shutting down and abandoning module VisualStudioCodeSourceCodeAccess (312)
[2018.04.21-16.38.05:244][808]LogModuleManager: Shutting down and abandoning module UObjectPlugin (310)
[2018.04.21-16.38.05:244][808]LogModuleManager: Shutting down and abandoning module SubversionSourceControl (308)
[2018.04.21-16.38.05:244][808]LogModuleManager: Shutting down and abandoning module PerforceSourceControl (306)
[2018.04.21-16.38.05:245][808]LogModuleManager: Shutting down and abandoning module GitSourceControl (304)
[2018.04.21-16.38.05:246][808]LogModuleManager: Shutting down and abandoning module SourceControl (303)
[2018.04.21-16.38.05:247][808]LogModuleManager: Shutting down and abandoning module CLionSourceCodeAccess (300)
[2018.04.21-16.38.05:247][808]LogModuleManager: Shutting down and abandoning module LightPropagationVolumeEditor (298)
[2018.04.21-16.38.05:247][808]LogModuleManager: Shutting down and abandoning module PaperTiledImporter (296)
[2018.04.21-16.38.05:247][808]LogModuleManager: Shutting down and abandoning module PaperSpriteSheetImporter (294)
[2018.04.21-16.38.05:247][808]LogModuleManager: Shutting down and abandoning module Paper2DEditor (292)
[2018.04.21-16.38.05:248][808]LogModuleManager: Shutting down and abandoning module MeshPaint (291)
[2018.04.21-16.38.05:248][808]LogModuleManager: Shutting down and abandoning module RuntimePhysXCooking (288)
[2018.04.21-16.38.05:248][808]LogModuleManager: Shutting down and abandoning module PhysXVehiclesEditor (286)
[2018.04.21-16.38.05:248][808]LogModuleManager: Shutting down and abandoning module PhysXVehicles (284)
[2018.04.21-16.38.05:248][808]LogModuleManager: Shutting down and abandoning module OculusEditor (282)
[2018.04.21-16.38.05:248][808]LogModuleManager: Shutting down and abandoning module LocationServicesBPLibrary (280)
[2018.04.21-16.38.05:248][808]LogModuleManager: Shutting down and abandoning module ImmediatePhysicsEditor (278)
[2018.04.21-16.38.05:248][808]LogModuleManager: Shutting down and abandoning module ImmediatePhysics (276)
[2018.04.21-16.38.05:248][808]LogModuleManager: Shutting down and abandoning module ActorSequence (274)
[2018.04.21-16.38.05:248][808]LogModuleManager: Shutting down and abandoning module UdpMessaging (272)
[2018.04.21-16.38.05:349][808]LogModuleManager: Shutting down and abandoning module TcpMessaging (270)
[2018.04.21-16.38.05:450][808]LogModuleManager: Shutting down and abandoning module GameplayTagsEditor (268)
[2018.04.21-16.38.05:451][808]LogModuleManager: Shutting down and abandoning module FacialAnimationEditor (266)
[2018.04.21-16.38.05:451][808]LogModuleManager: Shutting down and abandoning module FacialAnimation (264)
[2018.04.21-16.38.05:451][808]LogModuleManager: Shutting down and abandoning module DataValidation (262)
[2018.04.21-16.38.05:451][808]LogModuleManager: Shutting down and abandoning module AssetManagerEditor (260)
[2018.04.21-16.38.05:452][808]LogModuleManager: Shutting down and abandoning module LevelEditor (259)
[2018.04.21-16.38.05:452][808]LogModuleManager: Shutting down and abandoning module PixelInspectorModule (258)
[2018.04.21-16.38.05:453][808]LogModuleManager: Shutting down and abandoning module CommonMenuExtensions (256)
[2018.04.21-16.38.05:453][808]LogModuleManager: Shutting down and abandoning module MainFrame (254)
[2018.04.21-16.38.05:453][808]LogModuleManager: Shutting down and abandoning module HotReload (253)
[2018.04.21-16.38.05:454][808]LogModuleManager: Shutting down and abandoning module ContentBrowser (249)
[2018.04.21-16.38.05:454][808]LogModuleManager: Shutting down and abandoning module TreeMap (247)
[2018.04.21-16.38.05:455][808]LogModuleManager: Shutting down and abandoning module LightPropagationVolumeRuntime (244)
[2018.04.21-16.38.05:455][808]LogModuleManager: Shutting down and abandoning module LiveLinkEditor (242)
[2018.04.21-16.38.05:455][808]LogModuleManager: Shutting down and abandoning module LiveLink (240)
[2018.04.21-16.38.05:942][808]LogModuleManager: Shutting down and abandoning module Paper2D (238)
[2018.04.21-16.38.05:943][808]LogModuleManager: Shutting down and abandoning module WindowsMoviePlayer (236)
[2018.04.21-16.38.05:943][808]LogModuleManager: Shutting down and abandoning module WmfMedia (234)
[2018.04.21-16.38.05:944][808]LogModuleManager: Shutting down and abandoning module Media (233)
[2018.04.21-16.38.05:950][808]LogModuleManager: Shutting down and abandoning module PacketHandler (230)
[2018.04.21-16.38.05:950][808]LogModuleManager: Shutting down and abandoning module ClothingSystemEditor (228)
[2018.04.21-16.38.05:950][808]LogModuleManager: Shutting down and abandoning module ClothingSystemRuntime (226)
[2018.04.21-16.38.05:950][808]LogModuleManager: Shutting down and abandoning module MediaAssets (224)
[2018.04.21-16.38.05:950][808]LogModuleManager: Shutting down and abandoning module Overlay (222)
[2018.04.21-16.38.05:951][808]LogModuleManager: Shutting down and abandoning module OverlayEditor (221)
[2018.04.21-16.38.05:951][808]LogModuleManager: Shutting down and abandoning module VREditor (218)
[2018.04.21-16.38.05:951][808]LogModuleManager: Shutting down and abandoning module StringTableEditor (216)
[2018.04.21-16.38.05:951][808]LogModuleManager: Shutting down and abandoning module GameplayTasksEditor (214)
[2018.04.21-16.38.05:951][808]LogModuleManager: Shutting down and abandoning module BehaviorTreeEditor (212)
[2018.04.21-16.38.05:953][808]LogModuleManager: Shutting down and abandoning module FunctionalTesting (210)
[2018.04.21-16.38.05:953][808]LogModuleManager: Shutting down and abandoning module CollisionAnalyzer (208)
[2018.04.21-16.38.05:954][808]LogModuleManager: Shutting down and abandoning module WorkspaceMenuStructure (207)
[2018.04.21-16.38.05:954][808]LogModuleManager: Shutting down and abandoning module UMG (204)
[2018.04.21-16.38.05:955][808]LogModuleManager: Shutting down and abandoning module UMGEditor (203)
[2018.04.21-16.38.05:956][808]LogModuleManager: Shutting down and abandoning module Sequencer (202)
[2018.04.21-16.38.05:957][808]LogModuleManager: Shutting down and abandoning module MessageLog (199)
[2018.04.21-16.38.05:957][808]LogModuleManager: Shutting down and abandoning module SlateReflector (194)
[2018.04.21-16.38.05:958][808]LogModuleManager: Shutting down and abandoning module Slate (192)
[2018.04.21-16.38.05:958][808]LogModuleManager: Shutting down and abandoning module EditorStyle (190)
[2018.04.21-16.38.05:960][808]LogModuleManager: Shutting down and abandoning module MRMesh (188)
[2018.04.21-16.38.05:960][808]LogModuleManager: Shutting down and abandoning module SourceCodeAccess (186)
[2018.04.21-16.38.05:960][808]LogModuleManager: Shutting down and abandoning module HeadMountedDisplay (184)
[2018.04.21-16.38.05:960][808]LogModuleManager: Shutting down and abandoning module XAudio2 (182)
[2018.04.21-16.38.05:960][808]LogModuleManager: Shutting down and abandoning module Networking (180)
[2018.04.21-16.38.05:960][808]LogModuleManager: Shutting down and abandoning module Core (178)
[2018.04.21-16.38.05:960][808]LogModuleManager: Shutting down and abandoning module LevelSequence (176)
[2018.04.21-16.38.05:960][808]LogModuleManager: Shutting down and abandoning module KismetCompiler (174)
[2018.04.21-16.38.05:960][808]LogModuleManager: Shutting down and abandoning module MeshUtilities (172)
[2018.04.21-16.38.05:961][808]LogModuleManager: Shutting down and abandoning module MeshMergeUtilities (171)
[2018.04.21-16.38.05:961][808]LogModuleManager: Shutting down and abandoning module MeshReductionInterface (170)
[2018.04.21-16.38.05:961][808]LogModuleManager: Shutting down and abandoning module SimplygonSwarm (169)
[2018.04.21-16.38.05:961][808]LogModuleManager: Shutting down and abandoning module SimplygonMeshReduction (167)
[2018.04.21-16.38.05:961][808]LogModuleManager: Shutting down and abandoning module QuadricMeshReduction (165)
[2018.04.21-16.38.05:961][808]LogModuleManager: Shutting down and abandoning module MaterialBaking (161)
[2018.04.21-16.38.05:961][808]LogModuleManager: Shutting down and abandoning module DirectoryWatcher (157)
[2018.04.21-16.38.05:963][808]LogModuleManager: Shutting down and abandoning module DerivedDataCache (154)
[2018.04.21-16.38.06:016][808]LogDerivedDataCache: Shutdown
[2018.04.21-16.38.06:016][808]LogModuleManager: Shutting down and abandoning module XGEController (152)
[2018.04.21-16.38.06:016][808]LogXGEController: Cleaning working directory: C:/Users/Student/AppData/Local/Temp/UnrealXGEWorkingDir/
[2018.04.21-16.38.06:017][808]LogModuleManager: Shutting down and abandoning module TargetPlatform (150)
[2018.04.21-16.38.06:017][808]LogModuleManager: Shutting down and abandoning module VulkanShaderFormat (149)
[2018.04.21-16.38.06:017][808]LogModuleManager: Shutting down and abandoning module ShaderFormatVectorVM (147)
[2018.04.21-16.38.06:017][808]LogModuleManager: Shutting down and abandoning module ShaderFormatOpenGL (145)
[2018.04.21-16.38.06:017][808]LogModuleManager: Shutting down and abandoning module ShaderFormatD3D (143)
[2018.04.21-16.38.06:018][808]LogModuleManager: Shutting down and abandoning module MetalShaderFormat (141)
[2018.04.21-16.38.06:018][808]LogModuleManager: Shutting down and abandoning module TextureFormatUncompressed (139)
[2018.04.21-16.38.06:018][808]LogModuleManager: Shutting down and abandoning module TextureFormatPVR (137)
[2018.04.21-16.38.06:018][808]LogModuleManager: Shutting down and abandoning module TextureFormatDXT (135)
[2018.04.21-16.38.06:018][808]LogModuleManager: Shutting down and abandoning module TextureFormatIntelISPCTexComp (133)
[2018.04.21-16.38.06:018][808]LogModuleManager: Shutting down and abandoning module TextureFormatASTC (131)
[2018.04.21-16.38.06:018][808]LogModuleManager: Shutting down and abandoning module ImageWrapper (130)
[2018.04.21-16.38.06:018][808]LogModuleManager: Shutting down and abandoning module TextureFormatAndroid (127)
[2018.04.21-16.38.06:018][808]LogModuleManager: Shutting down and abandoning module AudioFormatOpus (125)
[2018.04.21-16.38.06:018][808]LogModuleManager: Shutting down and abandoning module AudioFormatOgg (123)
[2018.04.21-16.38.06:018][808]LogModuleManager: Shutting down and abandoning module AudioFormatADPCM (121)
[2018.04.21-16.38.06:018][808]LogModuleManager: Shutting down and abandoning module LinuxTargetPlatform (119)
[2018.04.21-16.38.06:018][808]LogModuleManager: Shutting down and abandoning module LinuxServerTargetPlatform (117)
[2018.04.21-16.38.06:018][808]LogModuleManager: Shutting down and abandoning module LinuxNoEditorTargetPlatform (115)
[2018.04.21-16.38.06:018][808]LogModuleManager: Shutting down and abandoning module LinuxClientTargetPlatform (113)
[2018.04.21-16.38.06:018][808]LogModuleManager: Shutting down and abandoning module TVOSTargetPlatform (111)
[2018.04.21-16.38.06:018][808]LogModuleManager: Shutting down and abandoning module Messaging (109)
[2018.04.21-16.38.06:018][808]LogModuleManager: Shutting down and abandoning module IOSTargetPlatform (107)
[2018.04.21-16.38.06:018][808]LogModuleManager: Shutting down and abandoning module HTML5TargetPlatform (105)
[2018.04.21-16.38.06:018][808]LogModuleManager: Shutting down and abandoning module AndroidTargetPlatform (103)
[2018.04.21-16.38.06:018][808]LogModuleManager: Shutting down and abandoning module Android_PVRTCTargetPlatform (101)
[2018.04.21-16.38.06:018][808]LogModuleManager: Shutting down and abandoning module Android_MultiTargetPlatform (99)
[2018.04.21-16.38.06:018][808]LogModuleManager: Shutting down and abandoning module Android_ETC2TargetPlatform (97)
[2018.04.21-16.38.06:018][808]LogModuleManager: Shutting down and abandoning module Android_ETC1TargetPlatform (95)
[2018.04.21-16.38.06:018][808]LogModuleManager: Shutting down and abandoning module Android_ETC1aTargetPlatform (93)
[2018.04.21-16.38.06:018][808]LogModuleManager: Shutting down and abandoning module Android_DXTTargetPlatform (91)
[2018.04.21-16.38.06:019][808]LogModuleManager: Shutting down and abandoning module Android_ATCTargetPlatform (89)
[2018.04.21-16.38.06:019][808]LogModuleManager: Shutting down and abandoning module Android_ASTCTargetPlatform (87)
[2018.04.21-16.38.06:019][808]LogModuleManager: Shutting down and abandoning module WindowsTargetPlatform (85)
[2018.04.21-16.38.06:019][808]LogModuleManager: Shutting down and abandoning module WindowsServerTargetPlatform (83)
[2018.04.21-16.38.06:019][808]LogModuleManager: Shutting down and abandoning module WindowsNoEditorTargetPlatform (81)
[2018.04.21-16.38.06:019][808]LogModuleManager: Shutting down and abandoning module WindowsClientTargetPlatform (79)
[2018.04.21-16.38.06:019][808]LogModuleManager: Shutting down and abandoning module MacTargetPlatform (77)
[2018.04.21-16.38.06:019][808]LogModuleManager: Shutting down and abandoning module MacServerTargetPlatform (75)
[2018.04.21-16.38.06:019][808]LogModuleManager: Shutting down and abandoning module MacNoEditorTargetPlatform (73)
[2018.04.21-16.38.06:019][808]LogModuleManager: Shutting down and abandoning module MacClientTargetPlatform (71)
[2018.04.21-16.38.06:019][808]LogModuleManager: Shutting down and abandoning module AllDesktopTargetPlatform (69)
[2018.04.21-16.38.06:019][808]LogModuleManager: Shutting down and abandoning module InputCore (66)
[2018.04.21-16.38.06:019][808]LogModuleManager: Shutting down and abandoning module Settings (64)
[2018.04.21-16.38.06:019][808]LogModuleManager: Shutting down and abandoning module PhysXCooking (62)
[2018.04.21-16.38.06:019][808]LogModuleManager: Shutting down and abandoning module SteamVR (60)
[2018.04.21-16.38.06:019][808]LogModuleManager: Shutting down and abandoning module OculusHMD (58)
[2018.04.21-16.38.06:019][808]LogModuleManager: Shutting down and abandoning module ExampleDeviceProfileSelector (56)
[2018.04.21-16.38.06:019][808]LogModuleManager: Shutting down and abandoning module AppleARKit (54)
[2018.04.21-16.38.06:019][808]LogModuleManager: Shutting down and abandoning module AugmentedReality (51)
[2018.04.21-16.38.06:019][808]LogModuleManager: Shutting down and abandoning module OnlineBlueprintSupport (48)
[2018.04.21-16.38.06:019][808]LogModuleManager: Shutting down and abandoning module OnlineSubsystem (44)
[2018.04.21-16.38.06:020][808]LogModuleManager: Shutting down and abandoning module XMPP (43)
[2018.04.21-16.38.06:020][808]LogModuleManager: Shutting down and abandoning module HTTP (41)
[2018.04.21-16.38.06:021][808]LogHttp: Display: Http module shutting down, but needs to wait on 1 outstanding Http requests:
[2018.04.21-16.38.06:021][808]LogHttp: Display: 	verb=[POST] url=[https://datarouter.ol.epicgames.com/datarouter/api/v1/public/data?SessionID=%7B4C3B0CFF-4FB0-184D-A537-29B95CFBE214%7D&AppID=UEEditor.Rocket.Release&AppVersion=4.19.1-3989454%2B%2B%2BUE4%2BRelease-4.19&UserID=9f8e91f545be623fa166a8b4c5d36b60%7C2f25d62113b249018908016762b0bcc0%7Ce44cd65c-ecb7-49ff-b552-019ff6eda9c3&AppEnvironment=datacollector-binary&UploadType=eteventstream] status=Processing
[2018.04.21-16.38.06:023][808]LogModuleManager: Shutting down and abandoning module SSL (40)
[2018.04.21-16.38.06:024][808]LogModuleManager: Shutting down and abandoning module AnimationModifiers (36)
[2018.04.21-16.38.06:024][808]LogModuleManager: Shutting down and abandoning module PropertyEditor (35)
[2018.04.21-16.38.06:025][808]LogModuleManager: Shutting down and abandoning module AudioEditor (32)
[2018.04.21-16.38.06:026][808]LogModuleManager: Shutting down and abandoning module TextureCompressor (30)
[2018.04.21-16.38.06:026][808]LogModuleManager: Shutting down and abandoning module ShaderCore (28)
[2018.04.21-16.38.06:026][808]LogModuleManager: Shutting down and abandoning module Landscape (26)
[2018.04.21-16.38.06:026][808]LogModuleManager: Shutting down and abandoning module SlateRHIRenderer (24)
[2018.04.21-16.38.06:028][808]LogModuleManager: Shutting down and abandoning module OpenGLDrv (22)
[2018.04.21-16.38.06:029][808]LogModuleManager: Shutting down and abandoning module D3D11RHI (20)
[2018.04.21-16.38.06:029][808]LogModuleManager: Shutting down and abandoning module AnimGraphRuntime (18)
[2018.04.21-16.38.06:029][808]LogModuleManager: Shutting down and abandoning module Renderer (16)
[2018.04.21-16.38.06:029][808]LogModuleManager: Shutting down and abandoning module Engine (14)
[2018.04.21-16.38.06:029][808]LogModuleManager: Shutting down and abandoning module CoreUObject (12)
[2018.04.21-16.38.06:029][808]LogModuleManager: Shutting down and abandoning module NetworkFile (10)
[2018.04.21-16.38.06:029][808]LogModuleManager: Shutting down and abandoning module CookedIterativeFile (8)
[2018.04.21-16.38.06:029][808]LogModuleManager: Shutting down and abandoning module StreamingFile (6)
[2018.04.21-16.38.06:029][808]LogModuleManager: Shutting down and abandoning module SandboxFile (4)
[2018.04.21-16.38.06:029][808]LogModuleManager: Shutting down and abandoning module PakFile (2)
[2018.04.21-16.38.06:037][808]LogExit: Exiting.
[2018.04.21-16.38.06:049][808]Log file closed, 04/21/18 09:38:06
